2024-12-10 22:28:29.033 - LOG:  Enter listen mode, change status to LISTEN.
2024-12-10 22:28:30.131 - LOG: [LISTEN] Received SYN packet: connect_id=2316608915, seq=0. Sending SYN_ACK.
2024-12-10 22:28:30.131 - LOG: [LISTEN] Sent SYN_ACK to 127.0.0.1:8000
2024-12-10 22:28:30.131 - LOG:  Change status to SYN_RCVD.
2024-12-10 22:28:30.146 - LOG: [SYN_RCVD] Received ACK packet: seq=1, ack=1. Connection established.
2024-12-10 22:28:30.146 - LOG:  Connection established, change status to ESTABLISHED.
2024-12-10 22:28:31.078 - LOG: [ESTABLISHED] Received packet: connect_id=2316608915, seq=2, ack=0, flags=NONE, data_len=19
2024-12-10 22:28:31.078 - LOG: [ESTABLISHED] Received in-order packet seq=2. Deliver and ack_num=3
2024-12-10 22:28:31.092 - LOG: [ESTABLISHED] Received packet: connect_id=2316608915, seq=3, ack=0, flags=NONE, data_len=14980
2024-12-10 22:28:31.093 - LOG: [ESTABLISHED] Received in-order packet seq=3. Deliver and ack_num=4
2024-12-10 22:28:31.108 - LOG: [ESTABLISHED] Received packet: connect_id=2316608915, seq=4, ack=0, flags=NONE, data_len=14980
2024-12-10 22:28:31.108 - LOG: [ESTABLISHED] Received in-order packet seq=4. Deliver and ack_num=5
2024-12-10 22:28:31.123 - LOG: [ESTABLISHED] Received packet: connect_id=2316608915, seq=5, ack=0, flags=NONE, data_len=14980
2024-12-10 22:28:31.123 - LOG: [ESTABLISHED] Received in-order packet seq=5. Deliver and ack_num=6
2024-12-10 22:28:31.138 - LOG: [ESTABLISHED] Received packet: connect_id=2316608915, seq=6, ack=0, flags=NONE, data_len=14980
2024-12-10 22:28:31.138 - LOG: [ESTABLISHED] Received in-order packet seq=6. Deliver and ack_num=7
2024-12-10 22:28:31.153 - LOG: [ESTABLISHED] Received packet: connect_id=2316608915, seq=7, ack=0, flags=NONE, data_len=14980
2024-12-10 22:28:31.153 - LOG: [ESTABLISHED] Received in-order packet seq=7. Deliver and ack_num=8
2024-12-10 22:28:31.168 - LOG: [ESTABLISHED] Received packet: connect_id=2316608915, seq=8, ack=0, flags=NONE, data_len=14980
2024-12-10 22:28:31.168 - LOG: [ESTABLISHED] Received in-order packet seq=8. Deliver and ack_num=9
2024-12-10 22:28:31.168 - LOG: [ESTABLISHED] Send ACK: ack_num=9
2024-12-10 22:28:31.183 - LOG: [ESTABLISHED] Received packet: connect_id=2316608915, seq=9, ack=0, flags=NONE, data_len=14980
2024-12-10 22:28:31.183 - LOG: [ESTABLISHED] Received in-order packet seq=9. Deliver and ack_num=10
2024-12-10 22:28:31.198 - LOG: [ESTABLISHED] Received packet: connect_id=2316608915, seq=10, ack=0, flags=NONE, data_len=14980
2024-12-10 22:28:31.198 - LOG: [ESTABLISHED] Received in-order packet seq=10. Deliver and ack_num=11
2024-12-10 22:28:31.213 - LOG: [ESTABLISHED] Received packet: connect_id=2316608915, seq=11, ack=0, flags=NONE, data_len=14980
2024-12-10 22:28:31.213 - LOG: [ESTABLISHED] Received in-order packet seq=11. Deliver and ack_num=12
2024-12-10 22:28:31.229 - LOG: [ESTABLISHED] Received packet: connect_id=2316608915, seq=12, ack=0, flags=NONE, data_len=14980
2024-12-10 22:28:31.229 - LOG: [ESTABLISHED] Received in-order packet seq=12. Deliver and ack_num=13
2024-12-10 22:28:31.244 - LOG: [ESTABLISHED] Received packet: connect_id=2316608915, seq=13, ack=0, flags=NONE, data_len=14980
2024-12-10 22:28:31.244 - LOG: [ESTABLISHED] Received in-order packet seq=13. Deliver and ack_num=14
2024-12-10 22:28:31.258 - LOG: [ESTABLISHED] Received packet: connect_id=2316608915, seq=14, ack=0, flags=NONE, data_len=14980
2024-12-10 22:28:31.258 - LOG: [ESTABLISHED] Received in-order packet seq=14. Deliver and ack_num=15
2024-12-10 22:28:31.274 - LOG: [ESTABLISHED] Received packet: connect_id=2316608915, seq=15, ack=0, flags=NONE, data_len=14980
2024-12-10 22:28:31.274 - LOG: [ESTABLISHED] Received in-order packet seq=15. Deliver and ack_num=16
2024-12-10 22:28:31.274 - LOG: [ESTABLISHED] Send ACK: ack_num=16
2024-12-10 22:28:31.289 - LOG: [ESTABLISHED] Received packet: connect_id=2316608915, seq=16, ack=0, flags=NONE, data_len=14980
2024-12-10 22:28:31.289 - LOG: [ESTABLISHED] Received in-order packet seq=16. Deliver and ack_num=17
2024-12-10 22:28:31.304 - LOG: [ESTABLISHED] Received packet: connect_id=2316608915, seq=17, ack=0, flags=NONE, data_len=14980
2024-12-10 22:28:31.304 - LOG: [ESTABLISHED] Received in-order packet seq=17. Deliver and ack_num=18
2024-12-10 22:28:31.320 - LOG: [ESTABLISHED] Received packet: connect_id=2316608915, seq=18, ack=0, flags=NONE, data_len=14980
2024-12-10 22:28:31.320 - LOG: [ESTABLISHED] Received in-order packet seq=18. Deliver and ack_num=19
2024-12-10 22:28:31.335 - LOG: [ESTABLISHED] Received packet: connect_id=2316608915, seq=19, ack=0, flags=NONE, data_len=14980
2024-12-10 22:28:31.335 - LOG: [ESTABLISHED] Received in-order packet seq=19. Deliver and ack_num=20
2024-12-10 22:28:31.350 - LOG: [ESTABLISHED] Received packet: connect_id=2316608915, seq=20, ack=0, flags=NONE, data_len=14980
2024-12-10 22:28:31.350 - LOG: [ESTABLISHED] Received in-order packet seq=20. Deliver and ack_num=21
2024-12-10 22:28:31.365 - LOG: [ESTABLISHED] Received packet: connect_id=2316608915, seq=21, ack=0, flags=NONE, data_len=14980
2024-12-10 22:28:31.365 - LOG: [ESTABLISHED] Received in-order packet seq=21. Deliver and ack_num=22
2024-12-10 22:28:31.380 - LOG: [ESTABLISHED] Received packet: connect_id=2316608915, seq=22, ack=0, flags=NONE, data_len=14980
2024-12-10 22:28:31.380 - LOG: [ESTABLISHED] Received in-order packet seq=22. Deliver and ack_num=23
2024-12-10 22:28:31.380 - LOG: [ESTABLISHED] Send ACK: ack_num=23
2024-12-10 22:28:31.395 - LOG: [ESTABLISHED] Received packet: connect_id=2316608915, seq=23, ack=0, flags=NONE, data_len=14980
2024-12-10 22:28:31.395 - LOG: [ESTABLISHED] Received in-order packet seq=23. Deliver and ack_num=24
2024-12-10 22:28:31.410 - LOG: [ESTABLISHED] Received packet: connect_id=2316608915, seq=24, ack=0, flags=NONE, data_len=14980
2024-12-10 22:28:31.410 - LOG: [ESTABLISHED] Received in-order packet seq=24. Deliver and ack_num=25
2024-12-10 22:28:31.425 - LOG: [ESTABLISHED] Received packet: connect_id=2316608915, seq=25, ack=0, flags=NONE, data_len=14980
2024-12-10 22:28:31.425 - LOG: [ESTABLISHED] Received in-order packet seq=25. Deliver and ack_num=26
2024-12-10 22:28:31.440 - LOG: [ESTABLISHED] Received packet: connect_id=2316608915, seq=26, ack=0, flags=NONE, data_len=14980
2024-12-10 22:28:31.440 - LOG: [ESTABLISHED] Received in-order packet seq=26. Deliver and ack_num=27
2024-12-10 22:28:31.456 - LOG: [ESTABLISHED] Received packet: connect_id=2316608915, seq=27, ack=0, flags=NONE, data_len=14980
2024-12-10 22:28:31.456 - LOG: [ESTABLISHED] Received in-order packet seq=27. Deliver and ack_num=28
2024-12-10 22:28:31.471 - LOG: [ESTABLISHED] Received packet: connect_id=2316608915, seq=28, ack=0, flags=NONE, data_len=14980
2024-12-10 22:28:31.471 - LOG: [ESTABLISHED] Received in-order packet seq=28. Deliver and ack_num=29
2024-12-10 22:28:31.486 - LOG: [ESTABLISHED] Received packet: connect_id=2316608915, seq=29, ack=0, flags=NONE, data_len=14980
2024-12-10 22:28:31.486 - LOG: [ESTABLISHED] Received in-order packet seq=29. Deliver and ack_num=30
2024-12-10 22:28:31.486 - LOG: [ESTABLISHED] Send ACK: ack_num=30
2024-12-10 22:28:31.501 - LOG: [ESTABLISHED] Received packet: connect_id=2316608915, seq=30, ack=0, flags=NONE, data_len=14980
2024-12-10 22:28:31.501 - LOG: [ESTABLISHED] Received in-order packet seq=30. Deliver and ack_num=31
2024-12-10 22:28:31.516 - LOG: [ESTABLISHED] Received packet: connect_id=2316608915, seq=31, ack=0, flags=NONE, data_len=14980
2024-12-10 22:28:31.516 - LOG: [ESTABLISHED] Received in-order packet seq=31. Deliver and ack_num=32
2024-12-10 22:28:31.546 - LOG: [ESTABLISHED] Received packet: connect_id=2316608915, seq=33, ack=0, flags=NONE, data_len=14980
2024-12-10 22:28:31.546 - LOG: [ESTABLISHED] Received out-of-order packet seq=33 (expecting 32), waiting for missing packets.
2024-12-10 22:28:31.562 - LOG: [ESTABLISHED] Received packet: connect_id=2316608915, seq=34, ack=0, flags=NONE, data_len=14980
2024-12-10 22:28:31.562 - LOG: [ESTABLISHED] Received out-of-order packet seq=34 (expecting 32), waiting for missing packets.
2024-12-10 22:28:31.577 - LOG: [ESTABLISHED] Received packet: connect_id=2316608915, seq=35, ack=0, flags=NONE, data_len=14980
2024-12-10 22:28:31.577 - LOG: [ESTABLISHED] Received out-of-order packet seq=35 (expecting 32), waiting for missing packets.
2024-12-10 22:28:31.593 - LOG: [ESTABLISHED] Received packet: connect_id=2316608915, seq=36, ack=0, flags=NONE, data_len=14980
2024-12-10 22:28:31.593 - LOG: [ESTABLISHED] Received out-of-order packet seq=36 (expecting 32), waiting for missing packets.
2024-12-10 22:28:31.608 - LOG: [ESTABLISHED] Received packet: connect_id=2316608915, seq=37, ack=0, flags=NONE, data_len=14980
2024-12-10 22:28:31.608 - LOG: [ESTABLISHED] Received out-of-order packet seq=37 (expecting 32), waiting for missing packets.
2024-12-10 22:28:31.623 - LOG: [ESTABLISHED] Received packet: connect_id=2316608915, seq=38, ack=0, flags=NONE, data_len=14980
2024-12-10 22:28:31.623 - LOG: [ESTABLISHED] Received out-of-order packet seq=38 (expecting 32), waiting for missing packets.
2024-12-10 22:28:31.639 - LOG: [ESTABLISHED] Received packet: connect_id=2316608915, seq=39, ack=0, flags=NONE, data_len=14980
2024-12-10 22:28:31.639 - LOG: [ESTABLISHED] Received out-of-order packet seq=39 (expecting 32), waiting for missing packets.
2024-12-10 22:28:31.669 - LOG: [ESTABLISHED] Received packet: connect_id=2316608915, seq=40, ack=0, flags=NONE, data_len=14980
2024-12-10 22:28:31.669 - LOG: [ESTABLISHED] Received out-of-order packet seq=40 (expecting 32), waiting for missing packets.
2024-12-10 22:28:31.684 - LOG: [ESTABLISHED] Received packet: connect_id=2316608915, seq=41, ack=0, flags=NONE, data_len=14980
2024-12-10 22:28:31.684 - LOG: [ESTABLISHED] Received out-of-order packet seq=41 (expecting 32), waiting for missing packets.
2024-12-10 22:28:31.699 - LOG: [ESTABLISHED] Received packet: connect_id=2316608915, seq=42, ack=0, flags=NONE, data_len=14980
2024-12-10 22:28:31.699 - LOG: [ESTABLISHED] Send ACK: ack_num=32
2024-12-10 22:28:31.699 - LOG: [ESTABLISHED] Received out-of-order packet seq=42 (expecting 32), sending ACK=32
2024-12-10 22:28:31.729 - LOG: [ESTABLISHED] Received packet: connect_id=2316608915, seq=30, ack=0, flags=NONE, data_len=14980
2024-12-10 22:28:31.729 - LOG: [ESTABLISHED] Received old packet seq=30 (current ack_num=32), resend ACK
2024-12-10 22:28:31.729 - LOG: [ESTABLISHED] Send ACK: ack_num=32
2024-12-10 22:28:31.760 - LOG: [ESTABLISHED] Received packet: connect_id=2316608915, seq=31, ack=0, flags=NONE, data_len=14980
2024-12-10 22:28:31.760 - LOG: [ESTABLISHED] Received old packet seq=31 (current ack_num=32), resend ACK
2024-12-10 22:28:31.760 - LOG: [ESTABLISHED] Send ACK: ack_num=32
2024-12-10 22:28:31.789 - LOG: [ESTABLISHED] Received packet: connect_id=2316608915, seq=32, ack=0, flags=NONE, data_len=14980
2024-12-10 22:28:31.790 - LOG: [ESTABLISHED] Received in-order packet seq=32. Deliver and ack_num=33
2024-12-10 22:28:31.790 - LOG: [ESTABLISHED] Deliver queued packet seq=33, now ack_num=34
2024-12-10 22:28:31.790 - LOG: [ESTABLISHED] Deliver queued packet seq=34, now ack_num=35
2024-12-10 22:28:31.790 - LOG: [ESTABLISHED] Deliver queued packet seq=35, now ack_num=36
2024-12-10 22:28:31.790 - LOG: [ESTABLISHED] Deliver queued packet seq=36, now ack_num=37
2024-12-10 22:28:31.790 - LOG: [ESTABLISHED] Deliver queued packet seq=37, now ack_num=38
2024-12-10 22:28:31.790 - LOG: [ESTABLISHED] Deliver queued packet seq=38, now ack_num=39
2024-12-10 22:28:31.790 - LOG: [ESTABLISHED] Deliver queued packet seq=39, now ack_num=40
2024-12-10 22:28:31.790 - LOG: [ESTABLISHED] Deliver queued packet seq=40, now ack_num=41
2024-12-10 22:28:31.790 - LOG: [ESTABLISHED] Deliver queued packet seq=41, now ack_num=42
2024-12-10 22:28:31.790 - LOG: [ESTABLISHED] Deliver queued packet seq=42, now ack_num=43
2024-12-10 22:28:31.790 - LOG: [ESTABLISHED] Send ACK: ack_num=43
2024-12-10 22:28:31.804 - LOG: [ESTABLISHED] Received packet: connect_id=2316608915, seq=33, ack=0, flags=NONE, data_len=14980
2024-12-10 22:28:31.804 - LOG: [ESTABLISHED] Received old packet seq=33 (current ack_num=43), resend ACK
2024-12-10 22:28:31.805 - LOG: [ESTABLISHED] Send ACK: ack_num=43
2024-12-10 22:28:31.819 - LOG: [ESTABLISHED] Received packet: connect_id=2316608915, seq=44, ack=0, flags=NONE, data_len=14980
2024-12-10 22:28:31.819 - LOG: [ESTABLISHED] Received out-of-order packet seq=44 (expecting 43), waiting for missing packets.
2024-12-10 22:28:31.834 - LOG: [ESTABLISHED] Received packet: connect_id=2316608915, seq=45, ack=0, flags=NONE, data_len=14980
2024-12-10 22:28:31.835 - LOG: [ESTABLISHED] Received out-of-order packet seq=45 (expecting 43), waiting for missing packets.
2024-12-10 22:28:31.849 - LOG: [ESTABLISHED] Received packet: connect_id=2316608915, seq=47, ack=0, flags=NONE, data_len=14980
2024-12-10 22:28:31.849 - LOG: [ESTABLISHED] Received out-of-order packet seq=47 (expecting 43), waiting for missing packets.
2024-12-10 22:28:31.864 - LOG: [ESTABLISHED] Received packet: connect_id=2316608915, seq=49, ack=0, flags=NONE, data_len=14980
2024-12-10 22:28:31.864 - LOG: [ESTABLISHED] Received out-of-order packet seq=49 (expecting 43), waiting for missing packets.
2024-12-10 22:28:31.895 - LOG: [ESTABLISHED] Received packet: connect_id=2316608915, seq=50, ack=0, flags=NONE, data_len=14980
2024-12-10 22:28:31.895 - LOG: [ESTABLISHED] Received out-of-order packet seq=50 (expecting 43), waiting for missing packets.
2024-12-10 22:28:31.911 - LOG: [ESTABLISHED] Received packet: connect_id=2316608915, seq=51, ack=0, flags=NONE, data_len=14980
2024-12-10 22:28:31.911 - LOG: [ESTABLISHED] Received out-of-order packet seq=51 (expecting 43), waiting for missing packets.
2024-12-10 22:28:31.925 - LOG: [ESTABLISHED] Received packet: connect_id=2316608915, seq=52, ack=0, flags=NONE, data_len=14980
2024-12-10 22:28:31.925 - LOG: [ESTABLISHED] Received out-of-order packet seq=52 (expecting 43), waiting for missing packets.
2024-12-10 22:28:31.956 - LOG: [ESTABLISHED] Received packet: connect_id=2316608915, seq=53, ack=0, flags=NONE, data_len=14980
2024-12-10 22:28:31.956 - LOG: [ESTABLISHED] Received out-of-order packet seq=53 (expecting 43), waiting for missing packets.
2024-12-10 22:28:31.971 - LOG: [ESTABLISHED] Received packet: connect_id=2316608915, seq=54, ack=0, flags=NONE, data_len=14980
2024-12-10 22:28:31.971 - LOG: [ESTABLISHED] Received out-of-order packet seq=54 (expecting 43), waiting for missing packets.
2024-12-10 22:28:31.987 - LOG: [ESTABLISHED] Received packet: connect_id=2316608915, seq=55, ack=0, flags=NONE, data_len=14980
2024-12-10 22:28:31.987 - LOG: [ESTABLISHED] Send ACK: ack_num=43
2024-12-10 22:28:31.987 - LOG: [ESTABLISHED] Received out-of-order packet seq=55 (expecting 43), sending ACK=43
2024-12-10 22:28:32.018 - LOG: [ESTABLISHED] Received packet: connect_id=2316608915, seq=56, ack=0, flags=NONE, data_len=14980
2024-12-10 22:28:32.018 - LOG: [ESTABLISHED] Received out-of-order packet seq=56 (expecting 43), waiting for missing packets.
2024-12-10 22:28:32.033 - LOG: [ESTABLISHED] Received packet: connect_id=2316608915, seq=57, ack=0, flags=NONE, data_len=14980
2024-12-10 22:28:32.033 - LOG: [ESTABLISHED] Received out-of-order packet seq=57 (expecting 43), waiting for missing packets.
2024-12-10 22:28:32.048 - LOG: [ESTABLISHED] Received packet: connect_id=2316608915, seq=58, ack=0, flags=NONE, data_len=14980
2024-12-10 22:28:32.048 - LOG: [ESTABLISHED] Received out-of-order packet seq=58 (expecting 43), waiting for missing packets.
2024-12-10 22:28:32.063 - LOG: [ESTABLISHED] Received packet: connect_id=2316608915, seq=59, ack=0, flags=NONE, data_len=14980
2024-12-10 22:28:32.063 - LOG: [ESTABLISHED] Received out-of-order packet seq=59 (expecting 43), waiting for missing packets.
2024-12-10 22:28:32.078 - LOG: [ESTABLISHED] Received packet: connect_id=2316608915, seq=60, ack=0, flags=NONE, data_len=14980
2024-12-10 22:28:32.078 - LOG: [ESTABLISHED] Received out-of-order packet seq=60 (expecting 43), waiting for missing packets.
2024-12-10 22:28:32.109 - LOG: [ESTABLISHED] Received packet: connect_id=2316608915, seq=61, ack=0, flags=NONE, data_len=14980
2024-12-10 22:28:32.109 - LOG: [ESTABLISHED] Received out-of-order packet seq=61 (expecting 43), waiting for missing packets.
2024-12-10 22:28:32.123 - LOG: [ESTABLISHED] Received packet: connect_id=2316608915, seq=43, ack=0, flags=NONE, data_len=14980
2024-12-10 22:28:32.124 - LOG: [ESTABLISHED] Received in-order packet seq=43. Deliver and ack_num=44
2024-12-10 22:28:32.124 - LOG: [ESTABLISHED] Deliver queued packet seq=44, now ack_num=45
2024-12-10 22:28:32.124 - LOG: [ESTABLISHED] Deliver queued packet seq=45, now ack_num=46
2024-12-10 22:28:32.396 - LOG: [ESTABLISHED] Received packet: connect_id=2316608915, seq=43, ack=0, flags=NONE, data_len=14980
2024-12-10 22:28:32.396 - LOG: [ESTABLISHED] Received old packet seq=43 (current ack_num=46), resend ACK
2024-12-10 22:28:32.396 - LOG: [ESTABLISHED] Send ACK: ack_num=46
2024-12-10 22:28:32.441 - LOG: [ESTABLISHED] Received packet: connect_id=2316608915, seq=45, ack=0, flags=NONE, data_len=14980
2024-12-10 22:28:32.441 - LOG: [ESTABLISHED] Received old packet seq=45 (current ack_num=46), resend ACK
2024-12-10 22:28:32.441 - LOG: [ESTABLISHED] Send ACK: ack_num=46
2024-12-10 22:28:32.456 - LOG: [ESTABLISHED] Received packet: connect_id=2316608915, seq=46, ack=0, flags=NONE, data_len=14980
2024-12-10 22:28:32.456 - LOG: [ESTABLISHED] Received in-order packet seq=46. Deliver and ack_num=47
2024-12-10 22:28:32.456 - LOG: [ESTABLISHED] Deliver queued packet seq=47, now ack_num=48
2024-12-10 22:28:32.471 - LOG: [ESTABLISHED] Received packet: connect_id=2316608915, seq=47, ack=0, flags=NONE, data_len=14980
2024-12-10 22:28:32.471 - LOG: [ESTABLISHED] Received old packet seq=47 (current ack_num=48), resend ACK
2024-12-10 22:28:32.471 - LOG: [ESTABLISHED] Send ACK: ack_num=48
2024-12-10 22:28:32.486 - LOG: [ESTABLISHED] Received packet: connect_id=2316608915, seq=48, ack=0, flags=NONE, data_len=14980
2024-12-10 22:28:32.486 - LOG: [ESTABLISHED] Received in-order packet seq=48. Deliver and ack_num=49
2024-12-10 22:28:32.486 - LOG: [ESTABLISHED] Deliver queued packet seq=49, now ack_num=50
2024-12-10 22:28:32.486 - LOG: [ESTABLISHED] Deliver queued packet seq=50, now ack_num=51
2024-12-10 22:28:32.486 - LOG: [ESTABLISHED] Deliver queued packet seq=51, now ack_num=52
2024-12-10 22:28:32.486 - LOG: [ESTABLISHED] Deliver queued packet seq=52, now ack_num=53
2024-12-10 22:28:32.486 - LOG: [ESTABLISHED] Deliver queued packet seq=53, now ack_num=54
2024-12-10 22:28:32.486 - LOG: [ESTABLISHED] Deliver queued packet seq=54, now ack_num=55
2024-12-10 22:28:32.486 - LOG: [ESTABLISHED] Deliver queued packet seq=55, now ack_num=56
2024-12-10 22:28:32.486 - LOG: [ESTABLISHED] Deliver queued packet seq=56, now ack_num=57
2024-12-10 22:28:32.486 - LOG: [ESTABLISHED] Deliver queued packet seq=57, now ack_num=58
2024-12-10 22:28:32.486 - LOG: [ESTABLISHED] Deliver queued packet seq=58, now ack_num=59
2024-12-10 22:28:32.486 - LOG: [ESTABLISHED] Deliver queued packet seq=59, now ack_num=60
2024-12-10 22:28:32.486 - LOG: [ESTABLISHED] Deliver queued packet seq=60, now ack_num=61
2024-12-10 22:28:32.486 - LOG: [ESTABLISHED] Deliver queued packet seq=61, now ack_num=62
2024-12-10 22:28:32.486 - LOG: [ESTABLISHED] Send ACK: ack_num=62
2024-12-10 22:28:32.516 - LOG: [ESTABLISHED] Received packet: connect_id=2316608915, seq=63, ack=0, flags=NONE, data_len=14980
2024-12-10 22:28:32.516 - LOG: [ESTABLISHED] Received out-of-order packet seq=63 (expecting 62), waiting for missing packets.
2024-12-10 22:28:32.546 - LOG: [ESTABLISHED] Received packet: connect_id=2316608915, seq=64, ack=0, flags=NONE, data_len=14980
2024-12-10 22:28:32.546 - LOG: [ESTABLISHED] Received out-of-order packet seq=64 (expecting 62), waiting for missing packets.
2024-12-10 22:28:32.561 - LOG: [ESTABLISHED] Received packet: connect_id=2316608915, seq=65, ack=0, flags=NONE, data_len=14980
2024-12-10 22:28:32.561 - LOG: [ESTABLISHED] Received out-of-order packet seq=65 (expecting 62), waiting for missing packets.
2024-12-10 22:28:32.577 - LOG: [ESTABLISHED] Received packet: connect_id=2316608915, seq=66, ack=0, flags=NONE, data_len=14980
2024-12-10 22:28:32.577 - LOG: [ESTABLISHED] Send ACK: ack_num=62
2024-12-10 22:28:32.577 - LOG: [ESTABLISHED] Received out-of-order packet seq=66 (expecting 62), sending ACK=62
2024-12-10 22:28:32.592 - LOG: [ESTABLISHED] Received packet: connect_id=2316608915, seq=67, ack=0, flags=NONE, data_len=14980
2024-12-10 22:28:32.592 - LOG: [ESTABLISHED] Received out-of-order packet seq=67 (expecting 62), waiting for missing packets.
2024-12-10 22:28:32.621 - LOG: [ESTABLISHED] Received packet: connect_id=2316608915, seq=68, ack=0, flags=NONE, data_len=14980
2024-12-10 22:28:32.622 - LOG: [ESTABLISHED] Received out-of-order packet seq=68 (expecting 62), waiting for missing packets.
2024-12-10 22:28:32.652 - LOG: [ESTABLISHED] Received packet: connect_id=2316608915, seq=69, ack=0, flags=NONE, data_len=14980
2024-12-10 22:28:32.652 - LOG: [ESTABLISHED] Received out-of-order packet seq=69 (expecting 62), waiting for missing packets.
2024-12-10 22:28:32.682 - LOG: [ESTABLISHED] Received packet: connect_id=2316608915, seq=70, ack=0, flags=NONE, data_len=14980
2024-12-10 22:28:32.682 - LOG: [ESTABLISHED] Received out-of-order packet seq=70 (expecting 62), waiting for missing packets.
2024-12-10 22:28:32.712 - LOG: [ESTABLISHED] Received packet: connect_id=2316608915, seq=71, ack=0, flags=NONE, data_len=14980
2024-12-10 22:28:32.712 - LOG: [ESTABLISHED] Received out-of-order packet seq=71 (expecting 62), waiting for missing packets.
2024-12-10 22:28:32.742 - LOG: [ESTABLISHED] Received packet: connect_id=2316608915, seq=72, ack=0, flags=NONE, data_len=14980
2024-12-10 22:28:32.742 - LOG: [ESTABLISHED] Received out-of-order packet seq=72 (expecting 62), waiting for missing packets.
2024-12-10 22:28:32.756 - LOG: [ESTABLISHED] Received packet: connect_id=2316608915, seq=73, ack=0, flags=NONE, data_len=14980
2024-12-10 22:28:32.756 - LOG: [ESTABLISHED] Received out-of-order packet seq=73 (expecting 62), waiting for missing packets.
2024-12-10 22:28:32.786 - LOG: [ESTABLISHED] Received packet: connect_id=2316608915, seq=74, ack=0, flags=NONE, data_len=14980
2024-12-10 22:28:32.786 - LOG: [ESTABLISHED] Received out-of-order packet seq=74 (expecting 62), waiting for missing packets.
2024-12-10 22:28:32.802 - LOG: [ESTABLISHED] Received packet: connect_id=2316608915, seq=75, ack=0, flags=NONE, data_len=14980
2024-12-10 22:28:32.802 - LOG: [ESTABLISHED] Received out-of-order packet seq=75 (expecting 62), waiting for missing packets.
2024-12-10 22:28:32.817 - LOG: [ESTABLISHED] Received packet: connect_id=2316608915, seq=62, ack=0, flags=NONE, data_len=14980
2024-12-10 22:28:32.817 - LOG: [ESTABLISHED] Received in-order packet seq=62. Deliver and ack_num=63
2024-12-10 22:28:32.817 - LOG: [ESTABLISHED] Deliver queued packet seq=63, now ack_num=64
2024-12-10 22:28:32.817 - LOG: [ESTABLISHED] Deliver queued packet seq=64, now ack_num=65
2024-12-10 22:28:32.818 - LOG: [ESTABLISHED] Deliver queued packet seq=65, now ack_num=66
2024-12-10 22:28:32.818 - LOG: [ESTABLISHED] Deliver queued packet seq=66, now ack_num=67
2024-12-10 22:28:32.818 - LOG: [ESTABLISHED] Deliver queued packet seq=67, now ack_num=68
2024-12-10 22:28:32.818 - LOG: [ESTABLISHED] Deliver queued packet seq=68, now ack_num=69
2024-12-10 22:28:32.818 - LOG: [ESTABLISHED] Deliver queued packet seq=69, now ack_num=70
2024-12-10 22:28:32.818 - LOG: [ESTABLISHED] Deliver queued packet seq=70, now ack_num=71
2024-12-10 22:28:32.818 - LOG: [ESTABLISHED] Deliver queued packet seq=71, now ack_num=72
2024-12-10 22:28:32.818 - LOG: [ESTABLISHED] Deliver queued packet seq=72, now ack_num=73
2024-12-10 22:28:32.818 - LOG: [ESTABLISHED] Deliver queued packet seq=73, now ack_num=74
2024-12-10 22:28:32.818 - LOG: [ESTABLISHED] Deliver queued packet seq=74, now ack_num=75
2024-12-10 22:28:32.818 - LOG: [ESTABLISHED] Deliver queued packet seq=75, now ack_num=76
2024-12-10 22:28:32.818 - LOG: [ESTABLISHED] Send ACK: ack_num=76
2024-12-10 22:28:32.833 - LOG: [ESTABLISHED] Received packet: connect_id=2316608915, seq=78, ack=0, flags=NONE, data_len=14980
2024-12-10 22:28:32.833 - LOG: [ESTABLISHED] Send ACK: ack_num=76
2024-12-10 22:28:32.833 - LOG: [ESTABLISHED] Received out-of-order packet seq=78 (expecting 76), sending ACK=76
2024-12-10 22:28:32.848 - LOG: [ESTABLISHED] Received packet: connect_id=2316608915, seq=80, ack=0, flags=NONE, data_len=14980
2024-12-10 22:28:32.848 - LOG: [ESTABLISHED] Received out-of-order packet seq=80 (expecting 76), waiting for missing packets.
2024-12-10 22:28:32.863 - LOG: [ESTABLISHED] Received packet: connect_id=2316608915, seq=81, ack=0, flags=NONE, data_len=14980
2024-12-10 22:28:32.863 - LOG: [ESTABLISHED] Received out-of-order packet seq=81 (expecting 76), waiting for missing packets.
2024-12-10 22:28:32.893 - LOG: [ESTABLISHED] Received packet: connect_id=2316608915, seq=82, ack=0, flags=NONE, data_len=14980
2024-12-10 22:28:32.893 - LOG: [ESTABLISHED] Received out-of-order packet seq=82 (expecting 76), waiting for missing packets.
2024-12-10 22:28:32.923 - LOG: [ESTABLISHED] Received packet: connect_id=2316608915, seq=83, ack=0, flags=NONE, data_len=14980
2024-12-10 22:28:32.923 - LOG: [ESTABLISHED] Received out-of-order packet seq=83 (expecting 76), waiting for missing packets.
2024-12-10 22:28:32.939 - LOG: [ESTABLISHED] Received packet: connect_id=2316608915, seq=84, ack=0, flags=NONE, data_len=14980
2024-12-10 22:28:32.939 - LOG: [ESTABLISHED] Received out-of-order packet seq=84 (expecting 76), waiting for missing packets.
2024-12-10 22:28:32.954 - LOG: [ESTABLISHED] Received packet: connect_id=2316608915, seq=85, ack=0, flags=NONE, data_len=14980
2024-12-10 22:28:32.954 - LOG: [ESTABLISHED] Received out-of-order packet seq=85 (expecting 76), waiting for missing packets.
2024-12-10 22:28:32.968 - LOG: [ESTABLISHED] Received packet: connect_id=2316608915, seq=86, ack=0, flags=NONE, data_len=14980
2024-12-10 22:28:32.969 - LOG: [ESTABLISHED] Received out-of-order packet seq=86 (expecting 76), waiting for missing packets.
2024-12-10 22:28:32.999 - LOG: [ESTABLISHED] Received packet: connect_id=2316608915, seq=87, ack=0, flags=NONE, data_len=14980
2024-12-10 22:28:32.999 - LOG: [ESTABLISHED] Received out-of-order packet seq=87 (expecting 76), waiting for missing packets.
2024-12-10 22:28:33.029 - LOG: [ESTABLISHED] Received packet: connect_id=2316608915, seq=88, ack=0, flags=NONE, data_len=14980
2024-12-10 22:28:33.029 - LOG: [ESTABLISHED] Received out-of-order packet seq=88 (expecting 76), waiting for missing packets.
2024-12-10 22:28:33.058 - LOG: [ESTABLISHED] Received packet: connect_id=2316608915, seq=89, ack=0, flags=NONE, data_len=14980
2024-12-10 22:28:33.059 - LOG: [ESTABLISHED] Send ACK: ack_num=76
2024-12-10 22:28:33.059 - LOG: [ESTABLISHED] Received out-of-order packet seq=89 (expecting 76), sending ACK=76
2024-12-10 22:28:33.073 - LOG: [ESTABLISHED] Received packet: connect_id=2316608915, seq=90, ack=0, flags=NONE, data_len=14980
2024-12-10 22:28:33.073 - LOG: [ESTABLISHED] Received out-of-order packet seq=90 (expecting 76), waiting for missing packets.
2024-12-10 22:28:33.104 - LOG: [ESTABLISHED] Received packet: connect_id=2316608915, seq=91, ack=0, flags=NONE, data_len=14980
2024-12-10 22:28:33.104 - LOG: [ESTABLISHED] Received out-of-order packet seq=91 (expecting 76), waiting for missing packets.
2024-12-10 22:28:33.119 - LOG: [ESTABLISHED] Received packet: connect_id=2316608915, seq=92, ack=0, flags=NONE, data_len=14980
2024-12-10 22:28:33.119 - LOG: [ESTABLISHED] Received out-of-order packet seq=92 (expecting 76), waiting for missing packets.
2024-12-10 22:28:33.165 - LOG: [ESTABLISHED] Received packet: connect_id=2316608915, seq=77, ack=0, flags=NONE, data_len=14980
2024-12-10 22:28:33.165 - LOG: [ESTABLISHED] Received out-of-order packet seq=77 (expecting 76), waiting for missing packets.
2024-12-10 22:28:33.196 - LOG: [ESTABLISHED] Received packet: connect_id=2316608915, seq=95, ack=0, flags=NONE, data_len=14980
2024-12-10 22:28:33.196 - LOG: [ESTABLISHED] Received out-of-order packet seq=95 (expecting 76), waiting for missing packets.
2024-12-10 22:28:33.406 - LOG: [ESTABLISHED] Received packet: connect_id=2316608915, seq=76, ack=0, flags=NONE, data_len=14980
2024-12-10 22:28:33.406 - LOG: [ESTABLISHED] Received in-order packet seq=76. Deliver and ack_num=77
2024-12-10 22:28:33.406 - LOG: [ESTABLISHED] Deliver queued packet seq=77, now ack_num=78
2024-12-10 22:28:33.406 - LOG: [ESTABLISHED] Deliver queued packet seq=78, now ack_num=79
2024-12-10 22:28:33.435 - LOG: [ESTABLISHED] Received packet: connect_id=2316608915, seq=77, ack=0, flags=NONE, data_len=14980
2024-12-10 22:28:33.435 - LOG: [ESTABLISHED] Received old packet seq=77 (current ack_num=79), resend ACK
2024-12-10 22:28:33.435 - LOG: [ESTABLISHED] Send ACK: ack_num=79
2024-12-10 22:28:33.465 - LOG: [ESTABLISHED] Received packet: connect_id=2316608915, seq=78, ack=0, flags=NONE, data_len=14980
2024-12-10 22:28:33.465 - LOG: [ESTABLISHED] Received old packet seq=78 (current ack_num=79), resend ACK
2024-12-10 22:28:33.465 - LOG: [ESTABLISHED] Send ACK: ack_num=79
2024-12-10 22:28:33.481 - LOG: [ESTABLISHED] Received packet: connect_id=2316608915, seq=79, ack=0, flags=NONE, data_len=14980
2024-12-10 22:28:33.481 - LOG: [ESTABLISHED] Received in-order packet seq=79. Deliver and ack_num=80
2024-12-10 22:28:33.481 - LOG: [ESTABLISHED] Deliver queued packet seq=80, now ack_num=81
2024-12-10 22:28:33.481 - LOG: [ESTABLISHED] Deliver queued packet seq=81, now ack_num=82
2024-12-10 22:28:33.481 - LOG: [ESTABLISHED] Deliver queued packet seq=82, now ack_num=83
2024-12-10 22:28:33.481 - LOG: [ESTABLISHED] Deliver queued packet seq=83, now ack_num=84
2024-12-10 22:28:33.481 - LOG: [ESTABLISHED] Deliver queued packet seq=84, now ack_num=85
2024-12-10 22:28:33.481 - LOG: [ESTABLISHED] Deliver queued packet seq=85, now ack_num=86
2024-12-10 22:28:33.481 - LOG: [ESTABLISHED] Deliver queued packet seq=86, now ack_num=87
2024-12-10 22:28:33.481 - LOG: [ESTABLISHED] Deliver queued packet seq=87, now ack_num=88
2024-12-10 22:28:33.481 - LOG: [ESTABLISHED] Deliver queued packet seq=88, now ack_num=89
2024-12-10 22:28:33.481 - LOG: [ESTABLISHED] Deliver queued packet seq=89, now ack_num=90
2024-12-10 22:28:33.481 - LOG: [ESTABLISHED] Deliver queued packet seq=90, now ack_num=91
2024-12-10 22:28:33.481 - LOG: [ESTABLISHED] Deliver queued packet seq=91, now ack_num=92
2024-12-10 22:28:33.481 - LOG: [ESTABLISHED] Deliver queued packet seq=92, now ack_num=93
2024-12-10 22:28:33.481 - LOG: [ESTABLISHED] Send ACK: ack_num=93
2024-12-10 22:28:33.510 - LOG: [ESTABLISHED] Received packet: connect_id=2316608915, seq=80, ack=0, flags=NONE, data_len=14980
2024-12-10 22:28:33.511 - LOG: [ESTABLISHED] Received old packet seq=80 (current ack_num=93), resend ACK
2024-12-10 22:28:33.511 - LOG: [ESTABLISHED] Send ACK: ack_num=93
2024-12-10 22:28:33.525 - LOG: [ESTABLISHED] Received packet: connect_id=2316608915, seq=81, ack=0, flags=NONE, data_len=14980
2024-12-10 22:28:33.525 - LOG: [ESTABLISHED] Received old packet seq=81 (current ack_num=93), resend ACK
2024-12-10 22:28:33.525 - LOG: [ESTABLISHED] Send ACK: ack_num=93
2024-12-10 22:28:33.556 - LOG: [ESTABLISHED] Received packet: connect_id=2316608915, seq=96, ack=0, flags=NONE, data_len=14980
2024-12-10 22:28:33.556 - LOG: [ESTABLISHED] Received out-of-order packet seq=96 (expecting 93), waiting for missing packets.
2024-12-10 22:28:33.586 - LOG: [ESTABLISHED] Received packet: connect_id=2316608915, seq=97, ack=0, flags=NONE, data_len=14980
2024-12-10 22:28:33.586 - LOG: [ESTABLISHED] Received out-of-order packet seq=97 (expecting 93), waiting for missing packets.
2024-12-10 22:28:33.602 - LOG: [ESTABLISHED] Received packet: connect_id=2316608915, seq=98, ack=0, flags=NONE, data_len=14980
2024-12-10 22:28:33.602 - LOG: [ESTABLISHED] Received out-of-order packet seq=98 (expecting 93), waiting for missing packets.
2024-12-10 22:28:33.632 - LOG: [ESTABLISHED] Received packet: connect_id=2316608915, seq=99, ack=0, flags=NONE, data_len=14980
2024-12-10 22:28:33.632 - LOG: [ESTABLISHED] Received out-of-order packet seq=99 (expecting 93), waiting for missing packets.
2024-12-10 22:28:33.661 - LOG: [ESTABLISHED] Received packet: connect_id=2316608915, seq=100, ack=0, flags=NONE, data_len=14980
2024-12-10 22:28:33.662 - LOG: [ESTABLISHED] Send ACK: ack_num=93
2024-12-10 22:28:33.662 - LOG: [ESTABLISHED] Received out-of-order packet seq=100 (expecting 93), sending ACK=93
2024-12-10 22:28:33.692 - LOG: [ESTABLISHED] Received packet: connect_id=2316608915, seq=101, ack=0, flags=NONE, data_len=14980
2024-12-10 22:28:33.692 - LOG: [ESTABLISHED] Received out-of-order packet seq=101 (expecting 93), waiting for missing packets.
2024-12-10 22:28:33.707 - LOG: [ESTABLISHED] Received packet: connect_id=2316608915, seq=102, ack=0, flags=NONE, data_len=14980
2024-12-10 22:28:33.707 - LOG: [ESTABLISHED] Received out-of-order packet seq=102 (expecting 93), waiting for missing packets.
2024-12-10 22:28:33.737 - LOG: [ESTABLISHED] Received packet: connect_id=2316608915, seq=103, ack=0, flags=NONE, data_len=14980
2024-12-10 22:28:33.737 - LOG: [ESTABLISHED] Received out-of-order packet seq=103 (expecting 93), waiting for missing packets.
2024-12-10 22:28:33.766 - LOG: [ESTABLISHED] Received packet: connect_id=2316608915, seq=104, ack=0, flags=NONE, data_len=14980
2024-12-10 22:28:33.766 - LOG: [ESTABLISHED] Received out-of-order packet seq=104 (expecting 93), waiting for missing packets.
2024-12-10 22:28:33.796 - LOG: [ESTABLISHED] Received packet: connect_id=2316608915, seq=105, ack=0, flags=NONE, data_len=14980
2024-12-10 22:28:33.796 - LOG: [ESTABLISHED] Received out-of-order packet seq=105 (expecting 93), waiting for missing packets.
2024-12-10 22:28:33.826 - LOG: [ESTABLISHED] Received packet: connect_id=2316608915, seq=106, ack=0, flags=NONE, data_len=14980
2024-12-10 22:28:33.827 - LOG: [ESTABLISHED] Received out-of-order packet seq=106 (expecting 93), waiting for missing packets.
2024-12-10 22:28:33.841 - LOG: [ESTABLISHED] Received packet: connect_id=2316608915, seq=107, ack=0, flags=NONE, data_len=14980
2024-12-10 22:28:33.842 - LOG: [ESTABLISHED] Received out-of-order packet seq=107 (expecting 93), waiting for missing packets.
2024-12-10 22:28:33.872 - LOG: [ESTABLISHED] Received packet: connect_id=2316608915, seq=93, ack=0, flags=NONE, data_len=14980
2024-12-10 22:28:33.872 - LOG: [ESTABLISHED] Received in-order packet seq=93. Deliver and ack_num=94
2024-12-10 22:28:33.901 - LOG: [ESTABLISHED] Received packet: connect_id=2316608915, seq=110, ack=0, flags=NONE, data_len=14980
2024-12-10 22:28:33.902 - LOG: [ESTABLISHED] Received out-of-order packet seq=110 (expecting 94), waiting for missing packets.
2024-12-10 22:28:33.931 - LOG: [ESTABLISHED] Received packet: connect_id=2316608915, seq=112, ack=0, flags=NONE, data_len=14980
2024-12-10 22:28:33.931 - LOG: [ESTABLISHED] Received out-of-order packet seq=112 (expecting 94), waiting for missing packets.
2024-12-10 22:28:33.962 - LOG: [ESTABLISHED] Received packet: connect_id=2316608915, seq=98, ack=0, flags=NONE, data_len=14980
2024-12-10 22:28:33.962 - LOG: [ESTABLISHED] Send ACK: ack_num=94
2024-12-10 22:28:33.962 - LOG: [ESTABLISHED] Received out-of-order packet seq=98 (expecting 94), sending ACK=94
2024-12-10 22:28:34.007 - LOG: [ESTABLISHED] Received packet: connect_id=2316608915, seq=113, ack=0, flags=NONE, data_len=14980
2024-12-10 22:28:34.007 - LOG: [ESTABLISHED] Received out-of-order packet seq=113 (expecting 94), waiting for missing packets.
2024-12-10 22:28:34.142 - LOG: [ESTABLISHED] Received packet: connect_id=2316608915, seq=94, ack=0, flags=NONE, data_len=14980
2024-12-10 22:28:34.142 - LOG: [ESTABLISHED] Received in-order packet seq=94. Deliver and ack_num=95
2024-12-10 22:28:34.142 - LOG: [ESTABLISHED] Deliver queued packet seq=95, now ack_num=96
2024-12-10 22:28:34.142 - LOG: [ESTABLISHED] Deliver queued packet seq=96, now ack_num=97
2024-12-10 22:28:34.142 - LOG: [ESTABLISHED] Deliver queued packet seq=97, now ack_num=98
2024-12-10 22:28:34.142 - LOG: [ESTABLISHED] Deliver queued packet seq=98, now ack_num=99
2024-12-10 22:28:34.142 - LOG: [ESTABLISHED] Deliver queued packet seq=99, now ack_num=100
2024-12-10 22:28:34.143 - LOG: [ESTABLISHED] Deliver queued packet seq=100, now ack_num=101
2024-12-10 22:28:34.143 - LOG: [ESTABLISHED] Deliver queued packet seq=101, now ack_num=102
2024-12-10 22:28:34.143 - LOG: [ESTABLISHED] Deliver queued packet seq=102, now ack_num=103
2024-12-10 22:28:34.143 - LOG: [ESTABLISHED] Deliver queued packet seq=103, now ack_num=104
2024-12-10 22:28:34.143 - LOG: [ESTABLISHED] Deliver queued packet seq=104, now ack_num=105
2024-12-10 22:28:34.143 - LOG: [ESTABLISHED] Deliver queued packet seq=105, now ack_num=106
2024-12-10 22:28:34.143 - LOG: [ESTABLISHED] Deliver queued packet seq=106, now ack_num=107
2024-12-10 22:28:34.143 - LOG: [ESTABLISHED] Deliver queued packet seq=107, now ack_num=108
2024-12-10 22:28:34.143 - LOG: [ESTABLISHED] Send ACK: ack_num=108
2024-12-10 22:28:34.173 - LOG: [ESTABLISHED] Received packet: connect_id=2316608915, seq=95, ack=0, flags=NONE, data_len=14980
2024-12-10 22:28:34.173 - LOG: [ESTABLISHED] Received old packet seq=95 (current ack_num=108), resend ACK
2024-12-10 22:28:34.173 - LOG: [ESTABLISHED] Send ACK: ack_num=108
2024-12-10 22:28:34.203 - LOG: [ESTABLISHED] Received packet: connect_id=2316608915, seq=96, ack=0, flags=NONE, data_len=14980
2024-12-10 22:28:34.203 - LOG: [ESTABLISHED] Received old packet seq=96 (current ack_num=108), resend ACK
2024-12-10 22:28:34.203 - LOG: [ESTABLISHED] Send ACK: ack_num=108
2024-12-10 22:28:34.233 - LOG: [ESTABLISHED] Received packet: connect_id=2316608915, seq=97, ack=0, flags=NONE, data_len=14980
2024-12-10 22:28:34.233 - LOG: [ESTABLISHED] Received old packet seq=97 (current ack_num=108), resend ACK
2024-12-10 22:28:34.233 - LOG: [ESTABLISHED] Send ACK: ack_num=108
2024-12-10 22:28:34.262 - LOG: [ESTABLISHED] Received packet: connect_id=2316608915, seq=98, ack=0, flags=NONE, data_len=14980
2024-12-10 22:28:34.262 - LOG: [ESTABLISHED] Received old packet seq=98 (current ack_num=108), resend ACK
2024-12-10 22:28:34.263 - LOG: [ESTABLISHED] Send ACK: ack_num=108
2024-12-10 22:28:34.292 - LOG: [ESTABLISHED] Received packet: connect_id=2316608915, seq=99, ack=0, flags=NONE, data_len=14980
2024-12-10 22:28:34.292 - LOG: [ESTABLISHED] Received old packet seq=99 (current ack_num=108), resend ACK
2024-12-10 22:28:34.292 - LOG: [ESTABLISHED] Send ACK: ack_num=108
2024-12-10 22:28:34.323 - LOG: [ESTABLISHED] Received packet: connect_id=2316608915, seq=108, ack=0, flags=NONE, data_len=14980
2024-12-10 22:28:34.323 - LOG: [ESTABLISHED] Received in-order packet seq=108. Deliver and ack_num=109
2024-12-10 22:28:34.383 - LOG: [ESTABLISHED] Received packet: connect_id=2316608915, seq=110, ack=0, flags=NONE, data_len=14980
2024-12-10 22:28:34.383 - LOG: [ESTABLISHED] Received out-of-order packet seq=110 (expecting 109), waiting for missing packets.
2024-12-10 22:28:34.414 - LOG: [ESTABLISHED] Received packet: connect_id=2316608915, seq=111, ack=0, flags=NONE, data_len=14980
2024-12-10 22:28:34.414 - LOG: [ESTABLISHED] Received out-of-order packet seq=111 (expecting 109), waiting for missing packets.
2024-12-10 22:28:34.444 - LOG: [ESTABLISHED] Received packet: connect_id=2316608915, seq=112, ack=0, flags=NONE, data_len=14980
2024-12-10 22:28:34.444 - LOG: [ESTABLISHED] Received out-of-order packet seq=112 (expecting 109), waiting for missing packets.
2024-12-10 22:28:34.474 - LOG: [ESTABLISHED] Received packet: connect_id=2316608915, seq=114, ack=0, flags=NONE, data_len=14980
2024-12-10 22:28:34.474 - LOG: [ESTABLISHED] Received out-of-order packet seq=114 (expecting 109), waiting for missing packets.
2024-12-10 22:28:34.506 - LOG: [ESTABLISHED] Received packet: connect_id=2316608915, seq=116, ack=0, flags=NONE, data_len=14980
2024-12-10 22:28:34.506 - LOG: [ESTABLISHED] Received out-of-order packet seq=116 (expecting 109), waiting for missing packets.
2024-12-10 22:28:34.535 - LOG: [ESTABLISHED] Received packet: connect_id=2316608915, seq=118, ack=0, flags=NONE, data_len=14980
2024-12-10 22:28:34.536 - LOG: [ESTABLISHED] Received out-of-order packet seq=118 (expecting 109), waiting for missing packets.
2024-12-10 22:28:34.565 - LOG: [ESTABLISHED] Received packet: connect_id=2316608915, seq=120, ack=0, flags=NONE, data_len=14980
2024-12-10 22:28:34.566 - LOG: [ESTABLISHED] Received out-of-order packet seq=120 (expecting 109), waiting for missing packets.
2024-12-10 22:28:34.596 - LOG: [ESTABLISHED] Received packet: connect_id=2316608915, seq=122, ack=0, flags=NONE, data_len=14980
2024-12-10 22:28:34.596 - LOG: [ESTABLISHED] Received out-of-order packet seq=122 (expecting 109), waiting for missing packets.
2024-12-10 22:28:34.625 - LOG: [ESTABLISHED] Received packet: connect_id=2316608915, seq=124, ack=0, flags=NONE, data_len=14980
2024-12-10 22:28:34.625 - LOG: [ESTABLISHED] Send ACK: ack_num=109
2024-12-10 22:28:34.625 - LOG: [ESTABLISHED] Received out-of-order packet seq=124 (expecting 109), sending ACK=109
2024-12-10 22:28:34.656 - LOG: [ESTABLISHED] Received packet: connect_id=2316608915, seq=126, ack=0, flags=NONE, data_len=14813
2024-12-10 22:28:34.656 - LOG: [ESTABLISHED] Received out-of-order packet seq=126 (expecting 109), waiting for missing packets.
2024-12-10 22:28:34.686 - LOG: [ESTABLISHED] Received packet: connect_id=2316608915, seq=108, ack=0, flags=NONE, data_len=14980
2024-12-10 22:28:34.686 - LOG: [ESTABLISHED] Received old packet seq=108 (current ack_num=109), resend ACK
2024-12-10 22:28:34.686 - LOG: [ESTABLISHED] Send ACK: ack_num=109
2024-12-10 22:28:34.716 - LOG: [ESTABLISHED] Received packet: connect_id=2316608915, seq=109, ack=0, flags=NONE, data_len=14980
2024-12-10 22:28:34.716 - LOG: [ESTABLISHED] Received in-order packet seq=109. Deliver and ack_num=110
2024-12-10 22:28:34.716 - LOG: [ESTABLISHED] Deliver queued packet seq=110, now ack_num=111
2024-12-10 22:28:34.716 - LOG: [ESTABLISHED] Deliver queued packet seq=111, now ack_num=112
2024-12-10 22:28:34.716 - LOG: [ESTABLISHED] Deliver queued packet seq=112, now ack_num=113
2024-12-10 22:28:34.716 - LOG: [ESTABLISHED] Deliver queued packet seq=113, now ack_num=114
2024-12-10 22:28:34.716 - LOG: [ESTABLISHED] Deliver queued packet seq=114, now ack_num=115
2024-12-10 22:28:34.746 - LOG: [ESTABLISHED] Received packet: connect_id=2316608915, seq=110, ack=0, flags=NONE, data_len=14980
2024-12-10 22:28:34.746 - LOG: [ESTABLISHED] Received old packet seq=110 (current ack_num=115), resend ACK
2024-12-10 22:28:34.747 - LOG: [ESTABLISHED] Send ACK: ack_num=115
2024-12-10 22:28:34.776 - LOG: [ESTABLISHED] Received packet: connect_id=2316608915, seq=111, ack=0, flags=NONE, data_len=14980
2024-12-10 22:28:34.776 - LOG: [ESTABLISHED] Received old packet seq=111 (current ack_num=115), resend ACK
2024-12-10 22:28:34.776 - LOG: [ESTABLISHED] Send ACK: ack_num=115
2024-12-10 22:28:34.806 - LOG: [ESTABLISHED] Received packet: connect_id=2316608915, seq=112, ack=0, flags=NONE, data_len=14980
2024-12-10 22:28:34.806 - LOG: [ESTABLISHED] Received old packet seq=112 (current ack_num=115), resend ACK
2024-12-10 22:28:34.806 - LOG: [ESTABLISHED] Send ACK: ack_num=115
2024-12-10 22:28:35.003 - LOG: [ESTABLISHED] Received packet: connect_id=2316608915, seq=115, ack=0, flags=NONE, data_len=14980
2024-12-10 22:28:35.003 - LOG: [ESTABLISHED] Received in-order packet seq=115. Deliver and ack_num=116
2024-12-10 22:28:35.004 - LOG: [ESTABLISHED] Deliver queued packet seq=116, now ack_num=117
2024-12-10 22:28:35.034 - LOG: [ESTABLISHED] Received packet: connect_id=2316608915, seq=116, ack=0, flags=NONE, data_len=14980
2024-12-10 22:28:35.034 - LOG: [ESTABLISHED] Received old packet seq=116 (current ack_num=117), resend ACK
2024-12-10 22:28:35.034 - LOG: [ESTABLISHED] Send ACK: ack_num=117
2024-12-10 22:28:35.064 - LOG: [ESTABLISHED] Received packet: connect_id=2316608915, seq=117, ack=0, flags=NONE, data_len=14980
2024-12-10 22:28:35.064 - LOG: [ESTABLISHED] Received in-order packet seq=117. Deliver and ack_num=118
2024-12-10 22:28:35.064 - LOG: [ESTABLISHED] Deliver queued packet seq=118, now ack_num=119
2024-12-10 22:28:35.093 - LOG: [ESTABLISHED] Received packet: connect_id=2316608915, seq=118, ack=0, flags=NONE, data_len=14980
2024-12-10 22:28:35.093 - LOG: [ESTABLISHED] Received old packet seq=118 (current ack_num=119), resend ACK
2024-12-10 22:28:35.094 - LOG: [ESTABLISHED] Send ACK: ack_num=119
2024-12-10 22:28:35.118 - LOG: [ESTABLISHED] Received packet: connect_id=2316608915, seq=119, ack=0, flags=NONE, data_len=14980
2024-12-10 22:28:35.118 - LOG: [ESTABLISHED] Received in-order packet seq=119. Deliver and ack_num=120
2024-12-10 22:28:35.119 - LOG: [ESTABLISHED] Deliver queued packet seq=120, now ack_num=121
2024-12-10 22:28:35.149 - LOG: [ESTABLISHED] Received packet: connect_id=2316608915, seq=120, ack=0, flags=NONE, data_len=14980
2024-12-10 22:28:35.149 - LOG: [ESTABLISHED] Received old packet seq=120 (current ack_num=121), resend ACK
2024-12-10 22:28:35.149 - LOG: [ESTABLISHED] Send ACK: ack_num=121
2024-12-10 22:28:35.358 - LOG: [ESTABLISHED] Received packet: connect_id=2316608915, seq=121, ack=0, flags=NONE, data_len=14980
2024-12-10 22:28:35.358 - LOG: [ESTABLISHED] Received in-order packet seq=121. Deliver and ack_num=122
2024-12-10 22:28:35.358 - LOG: [ESTABLISHED] Deliver queued packet seq=122, now ack_num=123
2024-12-10 22:28:35.389 - LOG: [ESTABLISHED] Received packet: connect_id=2316608915, seq=122, ack=0, flags=NONE, data_len=14980
2024-12-10 22:28:35.389 - LOG: [ESTABLISHED] Received old packet seq=122 (current ack_num=123), resend ACK
2024-12-10 22:28:35.389 - LOG: [ESTABLISHED] Send ACK: ack_num=123
2024-12-10 22:28:35.419 - LOG: [ESTABLISHED] Received packet: connect_id=2316608915, seq=123, ack=0, flags=NONE, data_len=14980
2024-12-10 22:28:35.419 - LOG: [ESTABLISHED] Received in-order packet seq=123. Deliver and ack_num=124
2024-12-10 22:28:35.419 - LOG: [ESTABLISHED] Deliver queued packet seq=124, now ack_num=125
2024-12-10 22:28:35.450 - LOG: [ESTABLISHED] Received packet: connect_id=2316608915, seq=124, ack=0, flags=NONE, data_len=14980
2024-12-10 22:28:35.450 - LOG: [ESTABLISHED] Received old packet seq=124 (current ack_num=125), resend ACK
2024-12-10 22:28:35.450 - LOG: [ESTABLISHED] Send ACK: ack_num=125
2024-12-10 22:28:35.480 - LOG: [ESTABLISHED] Received packet: connect_id=2316608915, seq=125, ack=0, flags=NONE, data_len=14980
2024-12-10 22:28:35.480 - LOG: [ESTABLISHED] Received in-order packet seq=125. Deliver and ack_num=126
2024-12-10 22:28:35.480 - LOG: [ESTABLISHED] Deliver queued packet seq=126, now ack_num=127
2024-12-10 22:28:35.510 - LOG: [ESTABLISHED] Received packet: connect_id=2316608915, seq=126, ack=0, flags=NONE, data_len=14813
2024-12-10 22:28:35.510 - LOG: [ESTABLISHED] Received old packet seq=126 (current ack_num=127), resend ACK
2024-12-10 22:28:35.510 - LOG: [ESTABLISHED] Send ACK: ack_num=127
2024-12-10 22:28:35.705 - LOG: [ESTABLISHED] Received packet: connect_id=2316608915, seq=127, ack=0, flags=NONE, data_len=10
2024-12-10 22:28:35.705 - LOG: [ESTABLISHED] Received in-order packet seq=127. Deliver and ack_num=128
2024-12-10 22:28:36.051 - LOG: [ESTABLISHED] Received packet: connect_id=2316608915, seq=127, ack=0, flags=NONE, data_len=10
2024-12-10 22:28:36.052 - LOG: [ESTABLISHED] Received old packet seq=127 (current ack_num=128), resend ACK
2024-12-10 22:28:36.052 - LOG: [ESTABLISHED] Send ACK: ack_num=128
2024-12-10 22:28:50.381 - LOG: [ESTABLISHED] Received packet: connect_id=2316608915, seq=128, ack=0, flags=NONE, data_len=19
2024-12-10 22:28:50.381 - LOG: [ESTABLISHED] Received in-order packet seq=128. Deliver and ack_num=129
2024-12-10 22:28:50.396 - LOG: [ESTABLISHED] Received packet: connect_id=2316608915, seq=129, ack=0, flags=NONE, data_len=14980
2024-12-10 22:28:50.396 - LOG: [ESTABLISHED] Received in-order packet seq=129. Deliver and ack_num=130
2024-12-10 22:28:50.411 - LOG: [ESTABLISHED] Received packet: connect_id=2316608915, seq=130, ack=0, flags=NONE, data_len=14980
2024-12-10 22:28:50.411 - LOG: [ESTABLISHED] Received in-order packet seq=130. Deliver and ack_num=131
2024-12-10 22:28:50.426 - LOG: [ESTABLISHED] Received packet: connect_id=2316608915, seq=131, ack=0, flags=NONE, data_len=14980
2024-12-10 22:28:50.426 - LOG: [ESTABLISHED] Received in-order packet seq=131. Deliver and ack_num=132
2024-12-10 22:28:50.441 - LOG: [ESTABLISHED] Received packet: connect_id=2316608915, seq=132, ack=0, flags=NONE, data_len=14980
2024-12-10 22:28:50.441 - LOG: [ESTABLISHED] Received in-order packet seq=132. Deliver and ack_num=133
2024-12-10 22:28:50.456 - LOG: [ESTABLISHED] Received packet: connect_id=2316608915, seq=133, ack=0, flags=NONE, data_len=14980
2024-12-10 22:28:50.456 - LOG: [ESTABLISHED] Received in-order packet seq=133. Deliver and ack_num=134
2024-12-10 22:28:50.486 - LOG: [ESTABLISHED] Received packet: connect_id=2316608915, seq=134, ack=0, flags=NONE, data_len=14980
2024-12-10 22:28:50.486 - LOG: [ESTABLISHED] Received in-order packet seq=134. Deliver and ack_num=135
2024-12-10 22:28:50.487 - LOG: [ESTABLISHED] Send ACK: ack_num=135
2024-12-10 22:28:50.501 - LOG: [ESTABLISHED] Received packet: connect_id=2316608915, seq=135, ack=0, flags=NONE, data_len=14980
2024-12-10 22:28:50.501 - LOG: [ESTABLISHED] Received in-order packet seq=135. Deliver and ack_num=136
2024-12-10 22:28:50.516 - LOG: [ESTABLISHED] Received packet: connect_id=2316608915, seq=136, ack=0, flags=NONE, data_len=14980
2024-12-10 22:28:50.516 - LOG: [ESTABLISHED] Received in-order packet seq=136. Deliver and ack_num=137
2024-12-10 22:28:50.531 - LOG: [ESTABLISHED] Received packet: connect_id=2316608915, seq=137, ack=0, flags=NONE, data_len=14980
2024-12-10 22:28:50.531 - LOG: [ESTABLISHED] Received in-order packet seq=137. Deliver and ack_num=138
2024-12-10 22:28:50.547 - LOG: [ESTABLISHED] Received packet: connect_id=2316608915, seq=138, ack=0, flags=NONE, data_len=14980
2024-12-10 22:28:50.547 - LOG: [ESTABLISHED] Received in-order packet seq=138. Deliver and ack_num=139
2024-12-10 22:28:50.562 - LOG: [ESTABLISHED] Received packet: connect_id=2316608915, seq=139, ack=0, flags=NONE, data_len=14980
2024-12-10 22:28:50.562 - LOG: [ESTABLISHED] Received in-order packet seq=139. Deliver and ack_num=140
2024-12-10 22:28:50.577 - LOG: [ESTABLISHED] Received packet: connect_id=2316608915, seq=140, ack=0, flags=NONE, data_len=14980
2024-12-10 22:28:50.577 - LOG: [ESTABLISHED] Received in-order packet seq=140. Deliver and ack_num=141
2024-12-10 22:28:50.595 - LOG: [ESTABLISHED] Received packet: connect_id=2316608915, seq=141, ack=0, flags=NONE, data_len=14980
2024-12-10 22:28:50.595 - LOG: [ESTABLISHED] Received in-order packet seq=141. Deliver and ack_num=142
2024-12-10 22:28:50.596 - LOG: [ESTABLISHED] Send ACK: ack_num=142
2024-12-10 22:28:50.611 - LOG: [ESTABLISHED] Received packet: connect_id=2316608915, seq=142, ack=0, flags=NONE, data_len=14980
2024-12-10 22:28:50.611 - LOG: [ESTABLISHED] Received in-order packet seq=142. Deliver and ack_num=143
2024-12-10 22:28:50.626 - LOG: [ESTABLISHED] Received packet: connect_id=2316608915, seq=143, ack=0, flags=NONE, data_len=14980
2024-12-10 22:28:50.626 - LOG: [ESTABLISHED] Received in-order packet seq=143. Deliver and ack_num=144
2024-12-10 22:28:50.641 - LOG: [ESTABLISHED] Received packet: connect_id=2316608915, seq=144, ack=0, flags=NONE, data_len=14980
2024-12-10 22:28:50.641 - LOG: [ESTABLISHED] Received in-order packet seq=144. Deliver and ack_num=145
2024-12-10 22:28:50.656 - LOG: [ESTABLISHED] Received packet: connect_id=2316608915, seq=145, ack=0, flags=NONE, data_len=14980
2024-12-10 22:28:50.656 - LOG: [ESTABLISHED] Received in-order packet seq=145. Deliver and ack_num=146
2024-12-10 22:28:50.671 - LOG: [ESTABLISHED] Received packet: connect_id=2316608915, seq=146, ack=0, flags=NONE, data_len=14980
2024-12-10 22:28:50.671 - LOG: [ESTABLISHED] Received in-order packet seq=146. Deliver and ack_num=147
2024-12-10 22:28:50.686 - LOG: [ESTABLISHED] Received packet: connect_id=2316608915, seq=147, ack=0, flags=NONE, data_len=14980
2024-12-10 22:28:50.686 - LOG: [ESTABLISHED] Received in-order packet seq=147. Deliver and ack_num=148
2024-12-10 22:28:50.701 - LOG: [ESTABLISHED] Received packet: connect_id=2316608915, seq=148, ack=0, flags=NONE, data_len=14980
2024-12-10 22:28:50.701 - LOG: [ESTABLISHED] Received in-order packet seq=148. Deliver and ack_num=149
2024-12-10 22:28:50.702 - LOG: [ESTABLISHED] Send ACK: ack_num=149
2024-12-10 22:28:50.716 - LOG: [ESTABLISHED] Received packet: connect_id=2316608915, seq=149, ack=0, flags=NONE, data_len=14980
2024-12-10 22:28:50.716 - LOG: [ESTABLISHED] Received in-order packet seq=149. Deliver and ack_num=150
2024-12-10 22:28:50.731 - LOG: [ESTABLISHED] Received packet: connect_id=2316608915, seq=150, ack=0, flags=NONE, data_len=14980
2024-12-10 22:28:50.731 - LOG: [ESTABLISHED] Received in-order packet seq=150. Deliver and ack_num=151
2024-12-10 22:28:50.746 - LOG: [ESTABLISHED] Received packet: connect_id=2316608915, seq=151, ack=0, flags=NONE, data_len=14980
2024-12-10 22:28:50.746 - LOG: [ESTABLISHED] Received in-order packet seq=151. Deliver and ack_num=152
2024-12-10 22:28:50.761 - LOG: [ESTABLISHED] Received packet: connect_id=2316608915, seq=152, ack=0, flags=NONE, data_len=14980
2024-12-10 22:28:50.761 - LOG: [ESTABLISHED] Received in-order packet seq=152. Deliver and ack_num=153
2024-12-10 22:28:50.777 - LOG: [ESTABLISHED] Received packet: connect_id=2316608915, seq=153, ack=0, flags=NONE, data_len=14980
2024-12-10 22:28:50.777 - LOG: [ESTABLISHED] Received in-order packet seq=153. Deliver and ack_num=154
2024-12-10 22:28:50.791 - LOG: [ESTABLISHED] Received packet: connect_id=2316608915, seq=154, ack=0, flags=NONE, data_len=14980
2024-12-10 22:28:50.792 - LOG: [ESTABLISHED] Received in-order packet seq=154. Deliver and ack_num=155
2024-12-10 22:28:50.806 - LOG: [ESTABLISHED] Received packet: connect_id=2316608915, seq=155, ack=0, flags=NONE, data_len=14980
2024-12-10 22:28:50.806 - LOG: [ESTABLISHED] Received in-order packet seq=155. Deliver and ack_num=156
2024-12-10 22:28:50.807 - LOG: [ESTABLISHED] Send ACK: ack_num=156
2024-12-10 22:28:50.821 - LOG: [ESTABLISHED] Received packet: connect_id=2316608915, seq=156, ack=0, flags=NONE, data_len=14980
2024-12-10 22:28:50.821 - LOG: [ESTABLISHED] Received in-order packet seq=156. Deliver and ack_num=157
2024-12-10 22:28:50.836 - LOG: [ESTABLISHED] Received packet: connect_id=2316608915, seq=157, ack=0, flags=NONE, data_len=14980
2024-12-10 22:28:50.836 - LOG: [ESTABLISHED] Received in-order packet seq=157. Deliver and ack_num=158
2024-12-10 22:28:50.851 - LOG: [ESTABLISHED] Received packet: connect_id=2316608915, seq=158, ack=0, flags=NONE, data_len=14980
2024-12-10 22:28:50.851 - LOG: [ESTABLISHED] Received in-order packet seq=158. Deliver and ack_num=159
2024-12-10 22:28:50.867 - LOG: [ESTABLISHED] Received packet: connect_id=2316608915, seq=159, ack=0, flags=NONE, data_len=14980
2024-12-10 22:28:50.867 - LOG: [ESTABLISHED] Received in-order packet seq=159. Deliver and ack_num=160
2024-12-10 22:28:50.882 - LOG: [ESTABLISHED] Received packet: connect_id=2316608915, seq=160, ack=0, flags=NONE, data_len=14980
2024-12-10 22:28:50.883 - LOG: [ESTABLISHED] Received in-order packet seq=160. Deliver and ack_num=161
2024-12-10 22:28:50.897 - LOG: [ESTABLISHED] Received packet: connect_id=2316608915, seq=161, ack=0, flags=NONE, data_len=14980
2024-12-10 22:28:50.897 - LOG: [ESTABLISHED] Received in-order packet seq=161. Deliver and ack_num=162
2024-12-10 22:28:50.912 - LOG: [ESTABLISHED] Received packet: connect_id=2316608915, seq=162, ack=0, flags=NONE, data_len=14980
2024-12-10 22:28:50.912 - LOG: [ESTABLISHED] Received in-order packet seq=162. Deliver and ack_num=163
2024-12-10 22:28:50.913 - LOG: [ESTABLISHED] Send ACK: ack_num=163
2024-12-10 22:28:50.931 - LOG: [ESTABLISHED] Received packet: connect_id=2316608915, seq=163, ack=0, flags=NONE, data_len=14980
2024-12-10 22:28:50.931 - LOG: [ESTABLISHED] Received in-order packet seq=163. Deliver and ack_num=164
2024-12-10 22:28:50.946 - LOG: [ESTABLISHED] Received packet: connect_id=2316608915, seq=164, ack=0, flags=NONE, data_len=14980
2024-12-10 22:28:50.946 - LOG: [ESTABLISHED] Received in-order packet seq=164. Deliver and ack_num=165
2024-12-10 22:28:50.960 - LOG: [ESTABLISHED] Received packet: connect_id=2316608915, seq=165, ack=0, flags=NONE, data_len=14980
2024-12-10 22:28:50.961 - LOG: [ESTABLISHED] Received in-order packet seq=165. Deliver and ack_num=166
2024-12-10 22:28:50.976 - LOG: [ESTABLISHED] Received packet: connect_id=2316608915, seq=166, ack=0, flags=NONE, data_len=14980
2024-12-10 22:28:50.976 - LOG: [ESTABLISHED] Received in-order packet seq=166. Deliver and ack_num=167
2024-12-10 22:28:50.991 - LOG: [ESTABLISHED] Received packet: connect_id=2316608915, seq=167, ack=0, flags=NONE, data_len=14980
2024-12-10 22:28:50.991 - LOG: [ESTABLISHED] Received in-order packet seq=167. Deliver and ack_num=168
2024-12-10 22:28:51.006 - LOG: [ESTABLISHED] Received packet: connect_id=2316608915, seq=168, ack=0, flags=NONE, data_len=14980
2024-12-10 22:28:51.006 - LOG: [ESTABLISHED] Received in-order packet seq=168. Deliver and ack_num=169
2024-12-10 22:28:51.020 - LOG: [ESTABLISHED] Received packet: connect_id=2316608915, seq=169, ack=0, flags=NONE, data_len=14980
2024-12-10 22:28:51.021 - LOG: [ESTABLISHED] Received in-order packet seq=169. Deliver and ack_num=170
2024-12-10 22:28:51.021 - LOG: [ESTABLISHED] Send ACK: ack_num=170
2024-12-10 22:28:51.036 - LOG: [ESTABLISHED] Received packet: connect_id=2316608915, seq=170, ack=0, flags=NONE, data_len=14980
2024-12-10 22:28:51.036 - LOG: [ESTABLISHED] Received in-order packet seq=170. Deliver and ack_num=171
2024-12-10 22:28:51.051 - LOG: [ESTABLISHED] Received packet: connect_id=2316608915, seq=171, ack=0, flags=NONE, data_len=14980
2024-12-10 22:28:51.051 - LOG: [ESTABLISHED] Received in-order packet seq=171. Deliver and ack_num=172
2024-12-10 22:28:51.066 - LOG: [ESTABLISHED] Received packet: connect_id=2316608915, seq=172, ack=0, flags=NONE, data_len=14980
2024-12-10 22:28:51.066 - LOG: [ESTABLISHED] Received in-order packet seq=172. Deliver and ack_num=173
2024-12-10 22:28:51.081 - LOG: [ESTABLISHED] Received packet: connect_id=2316608915, seq=173, ack=0, flags=NONE, data_len=14980
2024-12-10 22:28:51.081 - LOG: [ESTABLISHED] Received in-order packet seq=173. Deliver and ack_num=174
2024-12-10 22:28:51.097 - LOG: [ESTABLISHED] Received packet: connect_id=2316608915, seq=174, ack=0, flags=NONE, data_len=14980
2024-12-10 22:28:51.097 - LOG: [ESTABLISHED] Received in-order packet seq=174. Deliver and ack_num=175
2024-12-10 22:28:51.112 - LOG: [ESTABLISHED] Received packet: connect_id=2316608915, seq=175, ack=0, flags=NONE, data_len=14980
2024-12-10 22:28:51.112 - LOG: [ESTABLISHED] Received in-order packet seq=175. Deliver and ack_num=176
2024-12-10 22:28:51.127 - LOG: [ESTABLISHED] Received packet: connect_id=2316608915, seq=176, ack=0, flags=NONE, data_len=14980
2024-12-10 22:28:51.127 - LOG: [ESTABLISHED] Received in-order packet seq=176. Deliver and ack_num=177
2024-12-10 22:28:51.127 - LOG: [ESTABLISHED] Send ACK: ack_num=177
2024-12-10 22:28:51.142 - LOG: [ESTABLISHED] Received packet: connect_id=2316608915, seq=177, ack=0, flags=NONE, data_len=14980
2024-12-10 22:28:51.142 - LOG: [ESTABLISHED] Received in-order packet seq=177. Deliver and ack_num=178
2024-12-10 22:28:51.157 - LOG: [ESTABLISHED] Received packet: connect_id=2316608915, seq=178, ack=0, flags=NONE, data_len=14980
2024-12-10 22:28:51.157 - LOG: [ESTABLISHED] Received in-order packet seq=178. Deliver and ack_num=179
2024-12-10 22:28:51.187 - LOG: [ESTABLISHED] Received packet: connect_id=2316608915, seq=179, ack=0, flags=NONE, data_len=14980
2024-12-10 22:28:51.187 - LOG: [ESTABLISHED] Received in-order packet seq=179. Deliver and ack_num=180
2024-12-10 22:28:51.202 - LOG: [ESTABLISHED] Received packet: connect_id=2316608915, seq=180, ack=0, flags=NONE, data_len=14980
2024-12-10 22:28:51.203 - LOG: [ESTABLISHED] Received in-order packet seq=180. Deliver and ack_num=181
2024-12-10 22:28:51.217 - LOG: [ESTABLISHED] Received packet: connect_id=2316608915, seq=181, ack=0, flags=NONE, data_len=14980
2024-12-10 22:28:51.217 - LOG: [ESTABLISHED] Received in-order packet seq=181. Deliver and ack_num=182
2024-12-10 22:28:51.247 - LOG: [ESTABLISHED] Received packet: connect_id=2316608915, seq=182, ack=0, flags=NONE, data_len=14980
2024-12-10 22:28:51.247 - LOG: [ESTABLISHED] Received in-order packet seq=182. Deliver and ack_num=183
2024-12-10 22:28:51.277 - LOG: [ESTABLISHED] Received packet: connect_id=2316608915, seq=183, ack=0, flags=NONE, data_len=14980
2024-12-10 22:28:51.277 - LOG: [ESTABLISHED] Received in-order packet seq=183. Deliver and ack_num=184
2024-12-10 22:28:51.278 - LOG: [ESTABLISHED] Send ACK: ack_num=184
2024-12-10 22:28:51.292 - LOG: [ESTABLISHED] Received packet: connect_id=2316608915, seq=184, ack=0, flags=NONE, data_len=14980
2024-12-10 22:28:51.292 - LOG: [ESTABLISHED] Received in-order packet seq=184. Deliver and ack_num=185
2024-12-10 22:28:51.307 - LOG: [ESTABLISHED] Received packet: connect_id=2316608915, seq=185, ack=0, flags=NONE, data_len=14980
2024-12-10 22:28:51.307 - LOG: [ESTABLISHED] Received in-order packet seq=185. Deliver and ack_num=186
2024-12-10 22:28:51.323 - LOG: [ESTABLISHED] Received packet: connect_id=2316608915, seq=186, ack=0, flags=NONE, data_len=14980
2024-12-10 22:28:51.323 - LOG: [ESTABLISHED] Received in-order packet seq=186. Deliver and ack_num=187
2024-12-10 22:28:51.338 - LOG: [ESTABLISHED] Received packet: connect_id=2316608915, seq=187, ack=0, flags=NONE, data_len=14980
2024-12-10 22:28:51.338 - LOG: [ESTABLISHED] Received in-order packet seq=187. Deliver and ack_num=188
2024-12-10 22:28:51.353 - LOG: [ESTABLISHED] Received packet: connect_id=2316608915, seq=188, ack=0, flags=NONE, data_len=14980
2024-12-10 22:28:51.353 - LOG: [ESTABLISHED] Received in-order packet seq=188. Deliver and ack_num=189
2024-12-10 22:28:51.383 - LOG: [ESTABLISHED] Received packet: connect_id=2316608915, seq=189, ack=0, flags=NONE, data_len=14980
2024-12-10 22:28:51.383 - LOG: [ESTABLISHED] Received in-order packet seq=189. Deliver and ack_num=190
2024-12-10 22:28:51.398 - LOG: [ESTABLISHED] Received packet: connect_id=2316608915, seq=190, ack=0, flags=NONE, data_len=14980
2024-12-10 22:28:51.398 - LOG: [ESTABLISHED] Received in-order packet seq=190. Deliver and ack_num=191
2024-12-10 22:28:51.398 - LOG: [ESTABLISHED] Send ACK: ack_num=191
2024-12-10 22:28:51.413 - LOG: [ESTABLISHED] Received packet: connect_id=2316608915, seq=191, ack=0, flags=NONE, data_len=14980
2024-12-10 22:28:51.413 - LOG: [ESTABLISHED] Received in-order packet seq=191. Deliver and ack_num=192
2024-12-10 22:28:51.428 - LOG: [ESTABLISHED] Received packet: connect_id=2316608915, seq=192, ack=0, flags=NONE, data_len=14980
2024-12-10 22:28:51.428 - LOG: [ESTABLISHED] Received in-order packet seq=192. Deliver and ack_num=193
2024-12-10 22:28:51.443 - LOG: [ESTABLISHED] Received packet: connect_id=2316608915, seq=177, ack=0, flags=NONE, data_len=14980
2024-12-10 22:28:51.443 - LOG: [ESTABLISHED] Received old packet seq=177 (current ack_num=193), resend ACK
2024-12-10 22:28:51.443 - LOG: [ESTABLISHED] Send ACK: ack_num=193
2024-12-10 22:28:51.458 - LOG: [ESTABLISHED] Received packet: connect_id=2316608915, seq=194, ack=0, flags=NONE, data_len=14980
2024-12-10 22:28:51.458 - LOG: [ESTABLISHED] Received out-of-order packet seq=194 (expecting 193), waiting for missing packets.
2024-12-10 22:28:51.488 - LOG: [ESTABLISHED] Received packet: connect_id=2316608915, seq=196, ack=0, flags=NONE, data_len=14980
2024-12-10 22:28:51.488 - LOG: [ESTABLISHED] Received out-of-order packet seq=196 (expecting 193), waiting for missing packets.
2024-12-10 22:28:51.518 - LOG: [ESTABLISHED] Received packet: connect_id=2316608915, seq=197, ack=0, flags=NONE, data_len=14980
2024-12-10 22:28:51.518 - LOG: [ESTABLISHED] Received out-of-order packet seq=197 (expecting 193), waiting for missing packets.
2024-12-10 22:28:51.533 - LOG: [ESTABLISHED] Received packet: connect_id=2316608915, seq=198, ack=0, flags=NONE, data_len=14980
2024-12-10 22:28:51.533 - LOG: [ESTABLISHED] Received out-of-order packet seq=198 (expecting 193), waiting for missing packets.
2024-12-10 22:28:51.548 - LOG: [ESTABLISHED] Received packet: connect_id=2316608915, seq=199, ack=0, flags=NONE, data_len=14980
2024-12-10 22:28:51.548 - LOG: [ESTABLISHED] Received out-of-order packet seq=199 (expecting 193), waiting for missing packets.
2024-12-10 22:28:51.563 - LOG: [ESTABLISHED] Received packet: connect_id=2316608915, seq=200, ack=0, flags=NONE, data_len=14980
2024-12-10 22:28:51.563 - LOG: [ESTABLISHED] Received out-of-order packet seq=200 (expecting 193), waiting for missing packets.
2024-12-10 22:28:51.578 - LOG: [ESTABLISHED] Received packet: connect_id=2316608915, seq=201, ack=0, flags=NONE, data_len=14980
2024-12-10 22:28:51.578 - LOG: [ESTABLISHED] Received out-of-order packet seq=201 (expecting 193), waiting for missing packets.
2024-12-10 22:28:51.607 - LOG: [ESTABLISHED] Received packet: connect_id=2316608915, seq=193, ack=0, flags=NONE, data_len=14980
2024-12-10 22:28:51.607 - LOG: [ESTABLISHED] Received in-order packet seq=193. Deliver and ack_num=194
2024-12-10 22:28:51.608 - LOG: [ESTABLISHED] Deliver queued packet seq=194, now ack_num=195
2024-12-10 22:28:51.623 - LOG: [ESTABLISHED] Received packet: connect_id=2316608915, seq=194, ack=0, flags=NONE, data_len=14980
2024-12-10 22:28:51.623 - LOG: [ESTABLISHED] Received old packet seq=194 (current ack_num=195), resend ACK
2024-12-10 22:28:51.623 - LOG: [ESTABLISHED] Send ACK: ack_num=195
2024-12-10 22:28:51.638 - LOG: [ESTABLISHED] Received packet: connect_id=2316608915, seq=195, ack=0, flags=NONE, data_len=14980
2024-12-10 22:28:51.638 - LOG: [ESTABLISHED] Received in-order packet seq=195. Deliver and ack_num=196
2024-12-10 22:28:51.639 - LOG: [ESTABLISHED] Deliver queued packet seq=196, now ack_num=197
2024-12-10 22:28:51.639 - LOG: [ESTABLISHED] Deliver queued packet seq=197, now ack_num=198
2024-12-10 22:28:51.639 - LOG: [ESTABLISHED] Deliver queued packet seq=198, now ack_num=199
2024-12-10 22:28:51.640 - LOG: [ESTABLISHED] Deliver queued packet seq=199, now ack_num=200
2024-12-10 22:28:51.640 - LOG: [ESTABLISHED] Deliver queued packet seq=200, now ack_num=201
2024-12-10 22:28:51.640 - LOG: [ESTABLISHED] Deliver queued packet seq=201, now ack_num=202
2024-12-10 22:28:51.641 - LOG: [ESTABLISHED] Send ACK: ack_num=202
2024-12-10 22:28:51.653 - LOG: [ESTABLISHED] Received packet: connect_id=2316608915, seq=196, ack=0, flags=NONE, data_len=14980
2024-12-10 22:28:51.653 - LOG: [ESTABLISHED] Received old packet seq=196 (current ack_num=202), resend ACK
2024-12-10 22:28:51.653 - LOG: [ESTABLISHED] Send ACK: ack_num=202
2024-12-10 22:28:51.668 - LOG: [ESTABLISHED] Received packet: connect_id=2316608915, seq=197, ack=0, flags=NONE, data_len=14980
2024-12-10 22:28:51.668 - LOG: [ESTABLISHED] Received old packet seq=197 (current ack_num=202), resend ACK
2024-12-10 22:28:51.668 - LOG: [ESTABLISHED] Send ACK: ack_num=202
2024-12-10 22:28:51.683 - LOG: [ESTABLISHED] Received packet: connect_id=2316608915, seq=203, ack=0, flags=NONE, data_len=14980
2024-12-10 22:28:51.683 - LOG: [ESTABLISHED] Received out-of-order packet seq=203 (expecting 202), waiting for missing packets.
2024-12-10 22:28:51.699 - LOG: [ESTABLISHED] Received packet: connect_id=2316608915, seq=205, ack=0, flags=NONE, data_len=14980
2024-12-10 22:28:51.699 - LOG: [ESTABLISHED] Send ACK: ack_num=202
2024-12-10 22:28:51.699 - LOG: [ESTABLISHED] Received out-of-order packet seq=205 (expecting 202), sending ACK=202
2024-12-10 22:28:51.715 - LOG: [ESTABLISHED] Received packet: connect_id=2316608915, seq=206, ack=0, flags=NONE, data_len=14980
2024-12-10 22:28:51.715 - LOG: [ESTABLISHED] Received out-of-order packet seq=206 (expecting 202), waiting for missing packets.
2024-12-10 22:28:51.730 - LOG: [ESTABLISHED] Received packet: connect_id=2316608915, seq=207, ack=0, flags=NONE, data_len=14980
2024-12-10 22:28:51.730 - LOG: [ESTABLISHED] Received out-of-order packet seq=207 (expecting 202), waiting for missing packets.
2024-12-10 22:28:51.746 - LOG: [ESTABLISHED] Received packet: connect_id=2316608915, seq=208, ack=0, flags=NONE, data_len=14980
2024-12-10 22:28:51.746 - LOG: [ESTABLISHED] Received out-of-order packet seq=208 (expecting 202), waiting for missing packets.
2024-12-10 22:28:51.760 - LOG: [ESTABLISHED] Received packet: connect_id=2316608915, seq=209, ack=0, flags=NONE, data_len=14980
2024-12-10 22:28:51.761 - LOG: [ESTABLISHED] Received out-of-order packet seq=209 (expecting 202), waiting for missing packets.
2024-12-10 22:28:51.776 - LOG: [ESTABLISHED] Received packet: connect_id=2316608915, seq=210, ack=0, flags=NONE, data_len=14980
2024-12-10 22:28:51.776 - LOG: [ESTABLISHED] Received out-of-order packet seq=210 (expecting 202), waiting for missing packets.
2024-12-10 22:28:51.791 - LOG: [ESTABLISHED] Received packet: connect_id=2316608915, seq=211, ack=0, flags=NONE, data_len=14980
2024-12-10 22:28:51.791 - LOG: [ESTABLISHED] Received out-of-order packet seq=211 (expecting 202), waiting for missing packets.
2024-12-10 22:28:51.806 - LOG: [ESTABLISHED] Received packet: connect_id=2316608915, seq=212, ack=0, flags=NONE, data_len=14980
2024-12-10 22:28:51.806 - LOG: [ESTABLISHED] Received out-of-order packet seq=212 (expecting 202), waiting for missing packets.
2024-12-10 22:28:51.821 - LOG: [ESTABLISHED] Received packet: connect_id=2316608915, seq=193, ack=0, flags=NONE, data_len=14980
2024-12-10 22:28:51.821 - LOG: [ESTABLISHED] Received old packet seq=193 (current ack_num=202), resend ACK
2024-12-10 22:28:51.821 - LOG: [ESTABLISHED] Send ACK: ack_num=202
2024-12-10 22:28:51.836 - LOG: [ESTABLISHED] Received packet: connect_id=2316608915, seq=194, ack=0, flags=NONE, data_len=14980
2024-12-10 22:28:51.836 - LOG: [ESTABLISHED] Received old packet seq=194 (current ack_num=202), resend ACK
2024-12-10 22:28:51.836 - LOG: [ESTABLISHED] Send ACK: ack_num=202
2024-12-10 22:28:51.851 - LOG: [ESTABLISHED] Received packet: connect_id=2316608915, seq=195, ack=0, flags=NONE, data_len=14980
2024-12-10 22:28:51.851 - LOG: [ESTABLISHED] Received old packet seq=195 (current ack_num=202), resend ACK
2024-12-10 22:28:51.851 - LOG: [ESTABLISHED] Send ACK: ack_num=202
2024-12-10 22:28:51.866 - LOG: [ESTABLISHED] Received packet: connect_id=2316608915, seq=196, ack=0, flags=NONE, data_len=14980
2024-12-10 22:28:51.866 - LOG: [ESTABLISHED] Received old packet seq=196 (current ack_num=202), resend ACK
2024-12-10 22:28:51.866 - LOG: [ESTABLISHED] Send ACK: ack_num=202
2024-12-10 22:28:51.881 - LOG: [ESTABLISHED] Received packet: connect_id=2316608915, seq=197, ack=0, flags=NONE, data_len=14980
2024-12-10 22:28:51.881 - LOG: [ESTABLISHED] Received old packet seq=197 (current ack_num=202), resend ACK
2024-12-10 22:28:51.881 - LOG: [ESTABLISHED] Send ACK: ack_num=202
2024-12-10 22:28:51.896 - LOG: [ESTABLISHED] Received packet: connect_id=2316608915, seq=202, ack=0, flags=NONE, data_len=14980
2024-12-10 22:28:51.896 - LOG: [ESTABLISHED] Received in-order packet seq=202. Deliver and ack_num=203
2024-12-10 22:28:51.896 - LOG: [ESTABLISHED] Deliver queued packet seq=203, now ack_num=204
2024-12-10 22:28:51.911 - LOG: [ESTABLISHED] Received packet: connect_id=2316608915, seq=203, ack=0, flags=NONE, data_len=14980
2024-12-10 22:28:51.911 - LOG: [ESTABLISHED] Received old packet seq=203 (current ack_num=204), resend ACK
2024-12-10 22:28:51.911 - LOG: [ESTABLISHED] Send ACK: ack_num=204
2024-12-10 22:28:51.942 - LOG: [ESTABLISHED] Received packet: connect_id=2316608915, seq=204, ack=0, flags=NONE, data_len=14980
2024-12-10 22:28:51.942 - LOG: [ESTABLISHED] Received in-order packet seq=204. Deliver and ack_num=205
2024-12-10 22:28:51.942 - LOG: [ESTABLISHED] Deliver queued packet seq=205, now ack_num=206
2024-12-10 22:28:51.942 - LOG: [ESTABLISHED] Deliver queued packet seq=206, now ack_num=207
2024-12-10 22:28:51.943 - LOG: [ESTABLISHED] Deliver queued packet seq=207, now ack_num=208
2024-12-10 22:28:51.943 - LOG: [ESTABLISHED] Deliver queued packet seq=208, now ack_num=209
2024-12-10 22:28:51.943 - LOG: [ESTABLISHED] Deliver queued packet seq=209, now ack_num=210
2024-12-10 22:28:51.944 - LOG: [ESTABLISHED] Deliver queued packet seq=210, now ack_num=211
2024-12-10 22:28:51.944 - LOG: [ESTABLISHED] Deliver queued packet seq=211, now ack_num=212
2024-12-10 22:28:51.945 - LOG: [ESTABLISHED] Deliver queued packet seq=212, now ack_num=213
2024-12-10 22:28:51.945 - LOG: [ESTABLISHED] Send ACK: ack_num=213
2024-12-10 22:28:51.957 - LOG: [ESTABLISHED] Received packet: connect_id=2316608915, seq=205, ack=0, flags=NONE, data_len=14980
2024-12-10 22:28:51.957 - LOG: [ESTABLISHED] Received old packet seq=205 (current ack_num=213), resend ACK
2024-12-10 22:28:51.957 - LOG: [ESTABLISHED] Send ACK: ack_num=213
2024-12-10 22:28:51.973 - LOG: [ESTABLISHED] Received packet: connect_id=2316608915, seq=206, ack=0, flags=NONE, data_len=14980
2024-12-10 22:28:51.973 - LOG: [ESTABLISHED] Received old packet seq=206 (current ack_num=213), resend ACK
2024-12-10 22:28:51.973 - LOG: [ESTABLISHED] Send ACK: ack_num=213
2024-12-10 22:28:51.988 - LOG: [ESTABLISHED] Received packet: connect_id=2316608915, seq=208, ack=0, flags=NONE, data_len=14980
2024-12-10 22:28:51.988 - LOG: [ESTABLISHED] Received old packet seq=208 (current ack_num=213), resend ACK
2024-12-10 22:28:51.988 - LOG: [ESTABLISHED] Send ACK: ack_num=213
2024-12-10 22:28:52.003 - LOG: [ESTABLISHED] Received packet: connect_id=2316608915, seq=214, ack=0, flags=NONE, data_len=14980
2024-12-10 22:28:52.003 - LOG: [ESTABLISHED] Received out-of-order packet seq=214 (expecting 213), waiting for missing packets.
2024-12-10 22:28:52.018 - LOG: [ESTABLISHED] Received packet: connect_id=2316608915, seq=215, ack=0, flags=NONE, data_len=14980
2024-12-10 22:28:52.018 - LOG: [ESTABLISHED] Received out-of-order packet seq=215 (expecting 213), waiting for missing packets.
2024-12-10 22:28:52.032 - LOG: [ESTABLISHED] Received packet: connect_id=2316608915, seq=217, ack=0, flags=NONE, data_len=14980
2024-12-10 22:28:52.032 - LOG: [ESTABLISHED] Send ACK: ack_num=213
2024-12-10 22:28:52.032 - LOG: [ESTABLISHED] Received out-of-order packet seq=217 (expecting 213), sending ACK=213
2024-12-10 22:28:52.062 - LOG: [ESTABLISHED] Received packet: connect_id=2316608915, seq=218, ack=0, flags=NONE, data_len=14980
2024-12-10 22:28:52.062 - LOG: [ESTABLISHED] Received out-of-order packet seq=218 (expecting 213), waiting for missing packets.
2024-12-10 22:28:52.077 - LOG: [ESTABLISHED] Received packet: connect_id=2316608915, seq=219, ack=0, flags=NONE, data_len=14980
2024-12-10 22:28:52.077 - LOG: [ESTABLISHED] Received out-of-order packet seq=219 (expecting 213), waiting for missing packets.
2024-12-10 22:28:52.092 - LOG: [ESTABLISHED] Received packet: connect_id=2316608915, seq=220, ack=0, flags=NONE, data_len=14980
2024-12-10 22:28:52.092 - LOG: [ESTABLISHED] Received out-of-order packet seq=220 (expecting 213), waiting for missing packets.
2024-12-10 22:28:52.108 - LOG: [ESTABLISHED] Received packet: connect_id=2316608915, seq=221, ack=0, flags=NONE, data_len=14980
2024-12-10 22:28:52.108 - LOG: [ESTABLISHED] Received out-of-order packet seq=221 (expecting 213), waiting for missing packets.
2024-12-10 22:28:52.138 - LOG: [ESTABLISHED] Received packet: connect_id=2316608915, seq=222, ack=0, flags=NONE, data_len=14980
2024-12-10 22:28:52.138 - LOG: [ESTABLISHED] Received out-of-order packet seq=222 (expecting 213), waiting for missing packets.
2024-12-10 22:28:52.153 - LOG: [ESTABLISHED] Received packet: connect_id=2316608915, seq=223, ack=0, flags=NONE, data_len=14980
2024-12-10 22:28:52.153 - LOG: [ESTABLISHED] Received out-of-order packet seq=223 (expecting 213), waiting for missing packets.
2024-12-10 22:28:52.169 - LOG: [ESTABLISHED] Received packet: connect_id=2316608915, seq=224, ack=0, flags=NONE, data_len=14980
2024-12-10 22:28:52.169 - LOG: [ESTABLISHED] Received out-of-order packet seq=224 (expecting 213), waiting for missing packets.
2024-12-10 22:28:52.184 - LOG: [ESTABLISHED] Received packet: connect_id=2316608915, seq=225, ack=0, flags=NONE, data_len=14980
2024-12-10 22:28:52.184 - LOG: [ESTABLISHED] Received out-of-order packet seq=225 (expecting 213), waiting for missing packets.
2024-12-10 22:28:52.199 - LOG: [ESTABLISHED] Received packet: connect_id=2316608915, seq=226, ack=0, flags=NONE, data_len=14980
2024-12-10 22:28:52.199 - LOG: [ESTABLISHED] Received out-of-order packet seq=226 (expecting 213), waiting for missing packets.
2024-12-10 22:28:52.214 - LOG: [ESTABLISHED] Received packet: connect_id=2316608915, seq=227, ack=0, flags=NONE, data_len=14980
2024-12-10 22:28:52.214 - LOG: [ESTABLISHED] Send ACK: ack_num=213
2024-12-10 22:28:52.214 - LOG: [ESTABLISHED] Received out-of-order packet seq=227 (expecting 213), sending ACK=213
2024-12-10 22:28:52.229 - LOG: [ESTABLISHED] Received packet: connect_id=2316608915, seq=228, ack=0, flags=NONE, data_len=14980
2024-12-10 22:28:52.229 - LOG: [ESTABLISHED] Received out-of-order packet seq=228 (expecting 213), waiting for missing packets.
2024-12-10 22:28:52.244 - LOG: [ESTABLISHED] Received packet: connect_id=2316608915, seq=213, ack=0, flags=NONE, data_len=14980
2024-12-10 22:28:52.244 - LOG: [ESTABLISHED] Received in-order packet seq=213. Deliver and ack_num=214
2024-12-10 22:28:52.244 - LOG: [ESTABLISHED] Deliver queued packet seq=214, now ack_num=215
2024-12-10 22:28:52.245 - LOG: [ESTABLISHED] Deliver queued packet seq=215, now ack_num=216
2024-12-10 22:28:52.259 - LOG: [ESTABLISHED] Received packet: connect_id=2316608915, seq=214, ack=0, flags=NONE, data_len=14980
2024-12-10 22:28:52.259 - LOG: [ESTABLISHED] Received old packet seq=214 (current ack_num=216), resend ACK
2024-12-10 22:28:52.260 - LOG: [ESTABLISHED] Send ACK: ack_num=216
2024-12-10 22:28:52.274 - LOG: [ESTABLISHED] Received packet: connect_id=2316608915, seq=215, ack=0, flags=NONE, data_len=14980
2024-12-10 22:28:52.274 - LOG: [ESTABLISHED] Received old packet seq=215 (current ack_num=216), resend ACK
2024-12-10 22:28:52.274 - LOG: [ESTABLISHED] Send ACK: ack_num=216
2024-12-10 22:28:52.289 - LOG: [ESTABLISHED] Received packet: connect_id=2316608915, seq=216, ack=0, flags=NONE, data_len=14980
2024-12-10 22:28:52.289 - LOG: [ESTABLISHED] Received in-order packet seq=216. Deliver and ack_num=217
2024-12-10 22:28:52.290 - LOG: [ESTABLISHED] Deliver queued packet seq=217, now ack_num=218
2024-12-10 22:28:52.290 - LOG: [ESTABLISHED] Deliver queued packet seq=218, now ack_num=219
2024-12-10 22:28:52.290 - LOG: [ESTABLISHED] Deliver queued packet seq=219, now ack_num=220
2024-12-10 22:28:52.291 - LOG: [ESTABLISHED] Deliver queued packet seq=220, now ack_num=221
2024-12-10 22:28:52.291 - LOG: [ESTABLISHED] Deliver queued packet seq=221, now ack_num=222
2024-12-10 22:28:52.292 - LOG: [ESTABLISHED] Deliver queued packet seq=222, now ack_num=223
2024-12-10 22:28:52.292 - LOG: [ESTABLISHED] Deliver queued packet seq=223, now ack_num=224
2024-12-10 22:28:52.292 - LOG: [ESTABLISHED] Deliver queued packet seq=224, now ack_num=225
2024-12-10 22:28:52.293 - LOG: [ESTABLISHED] Deliver queued packet seq=225, now ack_num=226
2024-12-10 22:28:52.293 - LOG: [ESTABLISHED] Deliver queued packet seq=226, now ack_num=227
2024-12-10 22:28:52.293 - LOG: [ESTABLISHED] Deliver queued packet seq=227, now ack_num=228
2024-12-10 22:28:52.294 - LOG: [ESTABLISHED] Deliver queued packet seq=228, now ack_num=229
2024-12-10 22:28:52.294 - LOG: [ESTABLISHED] Send ACK: ack_num=229
2024-12-10 22:28:52.294 - LOG: [ESTABLISHED] Received packet: connect_id=2316608915, seq=217, ack=0, flags=NONE, data_len=14980
2024-12-10 22:28:52.294 - LOG: [ESTABLISHED] Received old packet seq=217 (current ack_num=229), resend ACK
2024-12-10 22:28:52.294 - LOG: [ESTABLISHED] Send ACK: ack_num=229
2024-12-10 22:28:52.319 - LOG: [ESTABLISHED] Received packet: connect_id=2316608915, seq=230, ack=0, flags=NONE, data_len=14980
2024-12-10 22:28:52.319 - LOG: [ESTABLISHED] Received out-of-order packet seq=230 (expecting 229), waiting for missing packets.
2024-12-10 22:28:52.334 - LOG: [ESTABLISHED] Received packet: connect_id=2316608915, seq=231, ack=0, flags=NONE, data_len=14980
2024-12-10 22:28:52.335 - LOG: [ESTABLISHED] Received out-of-order packet seq=231 (expecting 229), waiting for missing packets.
2024-12-10 22:28:52.349 - LOG: [ESTABLISHED] Received packet: connect_id=2316608915, seq=232, ack=0, flags=NONE, data_len=14980
2024-12-10 22:28:52.349 - LOG: [ESTABLISHED] Received out-of-order packet seq=232 (expecting 229), waiting for missing packets.
2024-12-10 22:28:52.381 - LOG: [ESTABLISHED] Received packet: connect_id=2316608915, seq=233, ack=0, flags=NONE, data_len=14980
2024-12-10 22:28:52.381 - LOG: [ESTABLISHED] Received out-of-order packet seq=233 (expecting 229), waiting for missing packets.
2024-12-10 22:28:52.396 - LOG: [ESTABLISHED] Received packet: connect_id=2316608915, seq=234, ack=0, flags=NONE, data_len=14980
2024-12-10 22:28:52.396 - LOG: [ESTABLISHED] Received out-of-order packet seq=234 (expecting 229), waiting for missing packets.
2024-12-10 22:28:52.426 - LOG: [ESTABLISHED] Received packet: connect_id=2316608915, seq=235, ack=0, flags=NONE, data_len=14980
2024-12-10 22:28:52.426 - LOG: [ESTABLISHED] Received out-of-order packet seq=235 (expecting 229), waiting for missing packets.
2024-12-10 22:28:52.456 - LOG: [ESTABLISHED] Received packet: connect_id=2316608915, seq=236, ack=0, flags=NONE, data_len=14980
2024-12-10 22:28:52.456 - LOG: [ESTABLISHED] Received out-of-order packet seq=236 (expecting 229), waiting for missing packets.
2024-12-10 22:28:52.486 - LOG: [ESTABLISHED] Received packet: connect_id=2316608915, seq=237, ack=0, flags=NONE, data_len=14980
2024-12-10 22:28:52.486 - LOG: [ESTABLISHED] Received out-of-order packet seq=237 (expecting 229), waiting for missing packets.
2024-12-10 22:28:52.501 - LOG: [ESTABLISHED] Received packet: connect_id=2316608915, seq=238, ack=0, flags=NONE, data_len=14980
2024-12-10 22:28:52.501 - LOG: [ESTABLISHED] Send ACK: ack_num=229
2024-12-10 22:28:52.501 - LOG: [ESTABLISHED] Received out-of-order packet seq=238 (expecting 229), sending ACK=229
2024-12-10 22:28:52.516 - LOG: [ESTABLISHED] Received packet: connect_id=2316608915, seq=239, ack=0, flags=NONE, data_len=14980
2024-12-10 22:28:52.516 - LOG: [ESTABLISHED] Received out-of-order packet seq=239 (expecting 229), waiting for missing packets.
2024-12-10 22:28:52.547 - LOG: [ESTABLISHED] Received packet: connect_id=2316608915, seq=240, ack=0, flags=NONE, data_len=14980
2024-12-10 22:28:52.547 - LOG: [ESTABLISHED] Received out-of-order packet seq=240 (expecting 229), waiting for missing packets.
2024-12-10 22:28:52.562 - LOG: [ESTABLISHED] Received packet: connect_id=2316608915, seq=241, ack=0, flags=NONE, data_len=14980
2024-12-10 22:28:52.562 - LOG: [ESTABLISHED] Received out-of-order packet seq=241 (expecting 229), waiting for missing packets.
2024-12-10 22:28:52.577 - LOG: [ESTABLISHED] Received packet: connect_id=2316608915, seq=242, ack=0, flags=NONE, data_len=14980
2024-12-10 22:28:52.577 - LOG: [ESTABLISHED] Received out-of-order packet seq=242 (expecting 229), waiting for missing packets.
2024-12-10 22:28:52.593 - LOG: [ESTABLISHED] Received packet: connect_id=2316608915, seq=229, ack=0, flags=NONE, data_len=14980
2024-12-10 22:28:52.593 - LOG: [ESTABLISHED] Received in-order packet seq=229. Deliver and ack_num=230
2024-12-10 22:28:52.593 - LOG: [ESTABLISHED] Deliver queued packet seq=230, now ack_num=231
2024-12-10 22:28:52.594 - LOG: [ESTABLISHED] Deliver queued packet seq=231, now ack_num=232
2024-12-10 22:28:52.594 - LOG: [ESTABLISHED] Deliver queued packet seq=232, now ack_num=233
2024-12-10 22:28:52.594 - LOG: [ESTABLISHED] Deliver queued packet seq=233, now ack_num=234
2024-12-10 22:28:52.595 - LOG: [ESTABLISHED] Deliver queued packet seq=234, now ack_num=235
2024-12-10 22:28:52.595 - LOG: [ESTABLISHED] Deliver queued packet seq=235, now ack_num=236
2024-12-10 22:28:52.596 - LOG: [ESTABLISHED] Deliver queued packet seq=236, now ack_num=237
2024-12-10 22:28:52.596 - LOG: [ESTABLISHED] Deliver queued packet seq=237, now ack_num=238
2024-12-10 22:28:52.596 - LOG: [ESTABLISHED] Deliver queued packet seq=238, now ack_num=239
2024-12-10 22:28:52.597 - LOG: [ESTABLISHED] Deliver queued packet seq=239, now ack_num=240
2024-12-10 22:28:52.597 - LOG: [ESTABLISHED] Deliver queued packet seq=240, now ack_num=241
2024-12-10 22:28:52.597 - LOG: [ESTABLISHED] Deliver queued packet seq=241, now ack_num=242
2024-12-10 22:28:52.598 - LOG: [ESTABLISHED] Deliver queued packet seq=242, now ack_num=243
2024-12-10 22:28:52.598 - LOG: [ESTABLISHED] Send ACK: ack_num=243
2024-12-10 22:28:52.598 - LOG: [ESTABLISHED] Received packet: connect_id=2316608915, seq=243, ack=0, flags=NONE, data_len=14980
2024-12-10 22:28:52.598 - LOG: [ESTABLISHED] Received in-order packet seq=243. Deliver and ack_num=244
2024-12-10 22:28:52.623 - LOG: [ESTABLISHED] Received packet: connect_id=2316608915, seq=244, ack=0, flags=NONE, data_len=14980
2024-12-10 22:28:52.623 - LOG: [ESTABLISHED] Received in-order packet seq=244. Deliver and ack_num=245
2024-12-10 22:28:52.638 - LOG: [ESTABLISHED] Received packet: connect_id=2316608915, seq=246, ack=0, flags=NONE, data_len=14980
2024-12-10 22:28:52.638 - LOG: [ESTABLISHED] Received out-of-order packet seq=246 (expecting 245), waiting for missing packets.
2024-12-10 22:28:52.653 - LOG: [ESTABLISHED] Received packet: connect_id=2316608915, seq=247, ack=0, flags=NONE, data_len=14980
2024-12-10 22:28:52.653 - LOG: [ESTABLISHED] Received out-of-order packet seq=247 (expecting 245), waiting for missing packets.
2024-12-10 22:28:52.668 - LOG: [ESTABLISHED] Received packet: connect_id=2316608915, seq=248, ack=0, flags=NONE, data_len=14980
2024-12-10 22:28:52.668 - LOG: [ESTABLISHED] Received out-of-order packet seq=248 (expecting 245), waiting for missing packets.
2024-12-10 22:28:52.699 - LOG: [ESTABLISHED] Received packet: connect_id=2316608915, seq=249, ack=0, flags=NONE, data_len=14980
2024-12-10 22:28:52.699 - LOG: [ESTABLISHED] Received out-of-order packet seq=249 (expecting 245), waiting for missing packets.
2024-12-10 22:28:52.729 - LOG: [ESTABLISHED] Received packet: connect_id=2316608915, seq=250, ack=0, flags=NONE, data_len=14980
2024-12-10 22:28:52.729 - LOG: [ESTABLISHED] Received out-of-order packet seq=250 (expecting 245), waiting for missing packets.
2024-12-10 22:28:52.744 - LOG: [ESTABLISHED] Received packet: connect_id=2316608915, seq=251, ack=0, flags=NONE, data_len=14980
2024-12-10 22:28:52.744 - LOG: [ESTABLISHED] Send ACK: ack_num=245
2024-12-10 22:28:52.744 - LOG: [ESTABLISHED] Received out-of-order packet seq=251 (expecting 245), sending ACK=245
2024-12-10 22:28:52.759 - LOG: [ESTABLISHED] Received packet: connect_id=2316608915, seq=252, ack=0, flags=NONE, data_len=14813
2024-12-10 22:28:52.759 - LOG: [ESTABLISHED] Received out-of-order packet seq=252 (expecting 245), waiting for missing packets.
2024-12-10 22:28:52.774 - LOG: [ESTABLISHED] Received packet: connect_id=2316608915, seq=253, ack=0, flags=NONE, data_len=10
2024-12-10 22:28:52.774 - LOG: [ESTABLISHED] Received out-of-order packet seq=253 (expecting 245), waiting for missing packets.
2024-12-10 22:28:52.834 - LOG: [ESTABLISHED] Received packet: connect_id=2316608915, seq=245, ack=0, flags=NONE, data_len=14980
2024-12-10 22:28:52.834 - LOG: [ESTABLISHED] Received in-order packet seq=245. Deliver and ack_num=246
2024-12-10 22:28:52.835 - LOG: [ESTABLISHED] Deliver queued packet seq=246, now ack_num=247
2024-12-10 22:28:52.835 - LOG: [ESTABLISHED] Deliver queued packet seq=247, now ack_num=248
2024-12-10 22:28:52.836 - LOG: [ESTABLISHED] Deliver queued packet seq=248, now ack_num=249
2024-12-10 22:28:52.836 - LOG: [ESTABLISHED] Deliver queued packet seq=249, now ack_num=250
2024-12-10 22:28:52.836 - LOG: [ESTABLISHED] Deliver queued packet seq=250, now ack_num=251
2024-12-10 22:28:52.837 - LOG: [ESTABLISHED] Deliver queued packet seq=251, now ack_num=252
2024-12-10 22:28:52.837 - LOG: [ESTABLISHED] Deliver queued packet seq=252, now ack_num=253
2024-12-10 22:28:52.837 - LOG: [ESTABLISHED] Deliver queued packet seq=253, now ack_num=254
2024-12-10 22:28:52.838 - LOG: [ESTABLISHED] Send ACK: ack_num=254
2024-12-10 22:28:52.864 - LOG: [ESTABLISHED] Received packet: connect_id=2316608915, seq=246, ack=0, flags=NONE, data_len=14980
2024-12-10 22:28:52.865 - LOG: [ESTABLISHED] Received old packet seq=246 (current ack_num=254), resend ACK
2024-12-10 22:28:52.865 - LOG: [ESTABLISHED] Send ACK: ack_num=254
2024-12-10 22:28:52.879 - LOG: [ESTABLISHED] Received packet: connect_id=2316608915, seq=247, ack=0, flags=NONE, data_len=14980
2024-12-10 22:28:52.879 - LOG: [ESTABLISHED] Received old packet seq=247 (current ack_num=254), resend ACK
2024-12-10 22:28:52.879 - LOG: [ESTABLISHED] Send ACK: ack_num=254
2024-12-10 22:28:52.894 - LOG: [ESTABLISHED] Received packet: connect_id=2316608915, seq=248, ack=0, flags=NONE, data_len=14980
2024-12-10 22:28:52.894 - LOG: [ESTABLISHED] Received old packet seq=248 (current ack_num=254), resend ACK
2024-12-10 22:28:52.894 - LOG: [ESTABLISHED] Send ACK: ack_num=254
2024-12-10 22:28:52.909 - LOG: [ESTABLISHED] Received packet: connect_id=2316608915, seq=249, ack=0, flags=NONE, data_len=14980
2024-12-10 22:28:52.909 - LOG: [ESTABLISHED] Received old packet seq=249 (current ack_num=254), resend ACK
2024-12-10 22:28:52.909 - LOG: [ESTABLISHED] Send ACK: ack_num=254
2024-12-10 22:28:52.924 - LOG: [ESTABLISHED] Received packet: connect_id=2316608915, seq=250, ack=0, flags=NONE, data_len=14980
2024-12-10 22:28:52.924 - LOG: [ESTABLISHED] Received old packet seq=250 (current ack_num=254), resend ACK
2024-12-10 22:28:52.924 - LOG: [ESTABLISHED] Send ACK: ack_num=254
2024-12-10 22:29:25.373 - LOG: [ESTABLISHED] Received packet: connect_id=2316608915, seq=254, ack=0, flags=FIN , data_len=0
2024-12-10 22:29:25.373 - LOG: [ESTABLISHED] Received FIN packet seq=254, ack_num=0. Prepare to close.
2024-12-10 22:29:25.373 - LOG:  Change status to FIN_RCVD.
2024-12-10 22:29:25.373 - LOG: [FIN_RCVD] Send FIN_ACK packet seq=85, ack=255
2024-12-10 22:29:25.409 - LOG: [FIN_RCVD] Received last ACK packet seq=255, final close.
2024-12-10 22:29:25.410 - LOG:  Change status to CLOSED.
